
D:\workspace\torque4\torque-generator>ant
Buildfile: build.xml

init:
     [echo] Init...
   [delete] Deleting directory D:\workspace\torque4\torque-generator\classes
   [delete] Deleting directory D:\workspace\torque4\torque-generator\distrib
    [mkdir] Created dir: D:\workspace\torque4\torque-generator\classes
    [mkdir] Created dir: D:\workspace\torque4\torque-generator\distrib
    [mkdir] Created dir: D:\workspace\torque4\torque-generator\distrib\lib

compile-torque:
     [echo] compile  torque source  ...
    [javac] Compiling 54 source files to D:\workspace\torque4\torque-generator\classes
    [javac] [解析开始时间 D:\workspace\torque4\torque-generator\src\main\java\org\apache\torque\engine\EngineException.java]
    [javac] [解析已完成时间 15ms]
    [javac] [解析开始时间 D:\workspace\torque4\torque-generator\src\main\java\org\apache\torque\engine\database\model\Column.java]
    [javac] [解析已完成时间 16ms]
    [javac] [解析开始时间 D:\workspace\torque4\torque-generator\src\main\java\org\apache\torque\engine\database\model\ConstraintNameGenerator.java]
    [javac] [解析已完成时间 0ms]
    [javac] [解析开始时间 D:\workspace\torque4\torque-generator\src\main\java\org\apache\torque\engine\database\model\Database.java]
    [javac] [解析已完成时间 0ms]
    [javac] [解析开始时间 D:\workspace\torque4\torque-generator\src\main\java\org\apache\torque\engine\database\model\Domain.java]
    [javac] [解析已完成时间 0ms]
    [javac] [解析开始时间 D:\workspace\torque4\torque-generator\src\main\java\org\apache\torque\engine\database\model\ForeignKey.java]
    [javac] [解析已完成时间 0ms]
    [javac] [解析开始时间 D:\workspace\torque4\torque-generator\src\main\java\org\apache\torque\engine\database\model\IDMethod.java]
    [javac] [解析已完成时间 0ms]
    [javac] [解析开始时间 D:\workspace\torque4\torque-generator\src\main\java\org\apache\torque\engine\database\model\IdMethodParameter.java]
    [javac] [解析已完成时间 0ms]
    [javac] [解析开始时间 D:\workspace\torque4\torque-generator\src\main\java\org\apache\torque\engine\database\model\Index.java]
    [javac] [解析已完成时间 0ms]
    [javac] [解析开始时间 D:\workspace\torque4\torque-generator\src\main\java\org\apache\torque\engine\database\model\Inheritance.java]
    [javac] [解析已完成时间 0ms]
    [javac] [解析开始时间 D:\workspace\torque4\torque-generator\src\main\java\org\apache\torque\engine\database\model\JavaNameGenerator.java]
    [javac] [解析已完成时间 0ms]
    [javac] [解析开始时间 D:\workspace\torque4\torque-generator\src\main\java\org\apache\torque\engine\database\model\NameFactory.java]
    [javac] [解析已完成时间 0ms]
    [javac] [解析开始时间 D:\workspace\torque4\torque-generator\src\main\java\org\apache\torque\engine\database\model\NameGenerator.java]
    [javac] [解析已完成时间 0ms]
    [javac] [解析开始时间 D:\workspace\torque4\torque-generator\src\main\java\org\apache\torque\engine\database\model\SchemaType.java]
    [javac] [解析已完成时间 0ms]
    [javac] [解析开始时间 D:\workspace\torque4\torque-generator\src\main\java\org\apache\torque\engine\database\model\SizedForBitDataDomain.java]
    [javac] [解析已完成时间 0ms]
    [javac] [解析开始时间 D:\workspace\torque4\torque-generator\src\main\java\org\apache\torque\engine\database\model\Table.java]
    [javac] [解析已完成时间 16ms]
    [javac] [解析开始时间 D:\workspace\torque4\torque-generator\src\main\java\org\apache\torque\engine\database\model\TypeMap.java]
    [javac] [解析已完成时间 0ms]
    [javac] [解析开始时间 D:\workspace\torque4\torque-generator\src\main\java\org\apache\torque\engine\database\model\Unique.java]
    [javac] [解析已完成时间 0ms]
    [javac] [解析开始时间 D:\workspace\torque4\torque-generator\src\main\java\org\apache\torque\engine\database\transform\DTDResolver.java]
    [javac] [解析已完成时间 0ms]
    [javac] [解析开始时间 D:\workspace\torque4\torque-generator\src\main\java\org\apache\torque\engine\database\transform\SQLToAppData.java]
    [javac] [解析已完成时间 0ms]
    [javac] [解析开始时间 D:\workspace\torque4\torque-generator\src\main\java\org\apache\torque\engine\database\transform\XmlToAppData.java]
    [javac] [解析已完成时间 0ms]
    [javac] [解析开始时间 D:\workspace\torque4\torque-generator\src\main\java\org\apache\torque\engine\database\transform\XmlToData.java]
    [javac] [解析已完成时间 0ms]
    [javac] [解析开始时间 D:\workspace\torque4\torque-generator\src\main\java\org\apache\torque\engine\platform\Platform.java]
    [javac] [解析已完成时间 0ms]
    [javac] [解析开始时间 D:\workspace\torque4\torque-generator\src\main\java\org\apache\torque\engine\platform\PlatformAxionImpl.java]
    [javac] [解析已完成时间 0ms]
    [javac] [解析开始时间 D:\workspace\torque4\torque-generator\src\main\java\org\apache\torque\engine\platform\PlatformCloudscapeImpl.java]
    [javac] [解析已完成时间 0ms]
    [javac] [解析开始时间 D:\workspace\torque4\torque-generator\src\main\java\org\apache\torque\engine\platform\PlatformDb2400Impl.java]
    [javac] [解析已完成时间 0ms]
    [javac] [解析开始时间 D:\workspace\torque4\torque-generator\src\main\java\org\apache\torque\engine\platform\PlatformDb2Impl.java]
    [javac] [解析已完成时间 0ms]
    [javac] [解析开始时间 D:\workspace\torque4\torque-generator\src\main\java\org\apache\torque\engine\platform\PlatformDefaultImpl.java]
    [javac] [解析已完成时间 0ms]
    [javac] [解析开始时间 D:\workspace\torque4\torque-generator\src\main\java\org\apache\torque\engine\platform\PlatformDerbyImpl.java]
    [javac] [解析已完成时间 0ms]
    [javac] [解析开始时间 D:\workspace\torque4\torque-generator\src\main\java\org\apache\torque\engine\platform\PlatformFactory.java]
    [javac] [解析已完成时间 0ms]
    [javac] [解析开始时间 D:\workspace\torque4\torque-generator\src\main\java\org\apache\torque\engine\platform\PlatformHypersonicImpl.java]
    [javac] [解析已完成时间 0ms]
    [javac] [解析开始时间 D:\workspace\torque4\torque-generator\src\main\java\org\apache\torque\engine\platform\PlatformInterbaseImpl.java]
    [javac] [解析已完成时间 0ms]
    [javac] [解析开始时间 D:\workspace\torque4\torque-generator\src\main\java\org\apache\torque\engine\platform\PlatformMsaccessImpl.java]
    [javac] [解析已完成时间 0ms]
    [javac] [解析开始时间 D:\workspace\torque4\torque-generator\src\main\java\org\apache\torque\engine\platform\PlatformMssqlImpl.java]
    [javac] [解析已完成时间 0ms]
    [javac] [解析开始时间 D:\workspace\torque4\torque-generator\src\main\java\org\apache\torque\engine\platform\PlatformMysqlImpl.java]
    [javac] [解析已完成时间 0ms]
    [javac] [解析开始时间 D:\workspace\torque4\torque-generator\src\main\java\org\apache\torque\engine\platform\PlatformOracleImpl.java]
    [javac] [解析已完成时间 0ms]
    [javac] [解析开始时间 D:\workspace\torque4\torque-generator\src\main\java\org\apache\torque\engine\platform\PlatformPostgresqlImpl.java]
    [javac] [解析已完成时间 0ms]
    [javac] [解析开始时间 D:\workspace\torque4\torque-generator\src\main\java\org\apache\torque\engine\platform\PlatformSapdbImpl.java]
    [javac] [解析已完成时间 0ms]
    [javac] [解析开始时间 D:\workspace\torque4\torque-generator\src\main\java\org\apache\torque\engine\platform\PlatformSybaseImpl.java]
    [javac] [解析已完成时间 0ms]
    [javac] [解析开始时间 D:\workspace\torque4\torque-generator\src\main\java\org\apache\torque\engine\sql\ParseException.java]
    [javac] [解析已完成时间 0ms]
    [javac] [解析开始时间 D:\workspace\torque4\torque-generator\src\main\java\org\apache\torque\engine\sql\SQLScanner.java]
    [javac] [解析已完成时间 0ms]
    [javac] [解析开始时间 D:\workspace\torque4\torque-generator\src\main\java\org\apache\torque\engine\sql\Token.java]
    [javac] [解析已完成时间 0ms]
    [javac] [解析开始时间 D:\workspace\torque4\torque-generator\src\main\java\org\apache\torque\task\DataDumpTask.java]
    [javac] [解析已完成时间 15ms]
    [javac] [解析开始时间 D:\workspace\torque4\torque-generator\src\main\java\org\apache\torque\task\PackageAsPathTask.java]
    [javac] [解析已完成时间 0ms]
    [javac] [解析开始时间 D:\workspace\torque4\torque-generator\src\main\java\org\apache\torque\task\TableTool.java]
    [javac] [解析已完成时间 0ms]
    [javac] [解析开始时间 D:\workspace\torque4\torque-generator\src\main\java\org\apache\torque\task\TorqueDataDumpTask.java]
    [javac] [解析已完成时间 0ms]
    [javac] [解析开始时间 D:\workspace\torque4\torque-generator\src\main\java\org\apache\torque\task\TorqueDataModelTask.java]
    [javac] [解析已完成时间 0ms]
    [javac] [解析开始时间 D:\workspace\torque4\torque-generator\src\main\java\org\apache\torque\task\TorqueDataSQLTask.java]
    [javac] [解析已完成时间 0ms]
    [javac] [解析开始时间 D:\workspace\torque4\torque-generator\src\main\java\org\apache\torque\task\TorqueDocumentationTask.java]
    [javac] [解析已完成时间 0ms]
    [javac] [解析开始时间 D:\workspace\torque4\torque-generator\src\main\java\org\apache\torque\task\TorqueJDBCTransformTask.java]
    [javac] [解析已完成时间 0ms]
    [javac] [解析开始时间 D:\workspace\torque4\torque-generator\src\main\java\org\apache\torque\task\TorqueSQLExec.java]
    [javac] [解析已完成时间 0ms]
    [javac] [解析开始时间 D:\workspace\torque4\torque-generator\src\main\java\org\apache\torque\task\TorqueSQLTask.java]
    [javac] [解析已完成时间 0ms]
    [javac] [解析开始时间 D:\workspace\torque4\torque-generator\src\main\java\org\apache\torque\task\TorqueSQLTransformTask.java]
    [javac] [解析已完成时间 0ms]
    [javac] [解析开始时间 D:\workspace\torque4\torque-generator\src-dbtransfer\org\frameworkset\persistent\db\DBInit.java]
    [javac] [解析已完成时间 0ms]
    [javac] [源文件的搜索路径： D:\workspace\torque4\torque-generator\src\main\java,D:\workspace\torque4\torque-generator\src-dbtransfer]
    [javac] [类文件的搜索路径： C:\Program Files\Java\jdk1.6.0_31\jre\lib\resources.jar,C:\Program Files\Java\jdk1.6.0_31\jre\lib\rt.jar,C:\Program Files\Java\jdk1.6.0_31\jre\lib\sunrsasign.jar,C:\Program Files\Java\jdk1.6.0_31\jre\lib\jsse.jar,C:\Program Files\Java\jdk1.6.0_31\jre\lib\jce.jar,C:\Program Files\Java\jdk1.6.0_31\jre\lib\charsets.jar,C:\Program Files\Java\jdk1.6.0_31\jre\lib\modules\jdk.boot.jar,C:\Program Files\Java\jdk1.6.0_31\jre\classes,C:\Program Files\Java\jdk1.6.0_31\jre\lib\ext\dnsns.jar,C:\Program Files\Java\jdk1.6.0_31\jre\lib\ext\localedata.jar,C:\Program Files\Java\jdk1.6.0_31\jre\lib\ext\sunjce_provider.jar,C:\Program Files\Java\jdk1.6.0_31\jre\lib\ext\sunmscapi.jar,C:\Program Files\Java\jdk1.6.0_31\jre\lib\ext\sunpkcs11.jar,D:\workspace\torque4\torque-generator\classes,D:\workspace\torque4\torque-generator\lib\asm-3.1.jar,D:\workspace\torque4\torque-generator\lib\bboss-aop.jar,D:\workspace\torque4\torque-generator\lib\bboss-camel.jar,D:\workspace\torque4\torque-generator\lib\bboss-jms.jar,D:\workspace\torque4\torque-generator\lib\bboss-mina.jar,D:\workspace\torque4\torque-generator\lib\bboss-rmi.jar,D:\workspace\torque4\torque-generator\lib\bboss-schedule.jar,D:\workspace\torque4\torque-generator\lib\bboss-tlq.jar,D:\workspace\torque4\torque-generator\lib\bboss-ws.jar,D:\workspace\torque4\torque-generator\lib\cglib-2.2.jar,D:\workspace\torque4\torque-generator\lib\derby\derby.jar,D:\workspace\torque4\torque-generator\lib\derby\derbyLocale_cs.jar,D:\workspace\torque4\torque-generator\lib\derby\derbyLocale_de_DE.jar,D:\workspace\torque4\torque-generator\lib\derby\derbyLocale_es.jar,D:\workspace\torque4\torque-generator\lib\derby\derbyLocale_fr.jar,D:\workspace\torque4\torque-generator\lib\derby\derbyLocale_hu.jar,D:\workspace\torque4\torque-generator\lib\derby\derbyLocale_it.jar,D:\workspace\torque4\torque-generator\lib\derby\derbyLocale_ja_JP.jar,D:\workspace\torque4\torque-generator\lib\derby\derbyLocale_ko_KR.jar,D:\workspace\torque4\torque-generator\lib\derby\derbyLocale_pl.jar,D:\workspace\torque4\torque-generator\lib\derby\derbyLocale_pt_BR.jar,D:\workspace\torque4\torque-generator\lib\derby\derbyLocale_ru.jar,D:\workspace\torque4\torque-generator\lib\derby\derbyLocale_zh_CN.jar,D:\workspace\torque4\torque-generator\lib\derby\derbyLocale_zh_TW.jar,D:\workspace\torque4\torque-generator\lib\derby\derbyclient.jar,D:\workspace\torque4\torque-generator\lib\derby\derbynet.jar,D:\workspace\torque4\torque-generator\lib\derby\derbyrun.jar,D:\workspace\torque4\torque-generator\lib\derby\derbytools.jar,D:\workspace\torque4\torque-generator\lib\mvnpro\ant-1.7.0.jar,D:\workspace\torque4\torque-generator\lib\mvnpro\ant-launcher-1.7.0.jar,D:\workspace\torque4\torque-generator\lib\mvnpro\avalon-framework-4.1.3.jar,D:\workspace\torque4\torque-generator\lib\mvnpro\commons-collections-3.2.jar,D:\workspace\torque4\torque-generator\lib\mvnpro\commons-lang-2.3.jar,D:\workspace\torque4\torque-generator\lib\mvnpro\commons-logging-1.1.jar,D:\workspace\torque4\torque-generator\lib\mvnpro\junit-4.6.jar,D:\workspace\torque4\torque-generator\lib\mvnpro\log4j-1.2.14.jar,D:\workspace\torque4\torque-generator\lib\mvnpro\logkit-1.0.1.jar,D:\workspace\torque4\torque-generator\lib\mvnpro\servlet-api-2.3.jar,D:\workspace\torque4\torque-generator\lib\mvnpro\texen-1.0.jar,D:\workspace\torque4\torque-generator\lib\mvnpro\velocity-1.5.jar,D:\workspace\torque4\torque-generator\lib\mvnpro\village-3.3.jar,D:\workspace\torque4\torque-generator\lib\mvnpro\xercesImpl-2.6.2.jar,D:\workspace\torque4\torque-generator\lib\mvnpro\xml-apis-1.0.b2.jar,D:\workspace\torque4\torque-generator\lib\mysql\mysql-connector-java-3.1.14-bin.jar,D:\workspace\torque4\torque-generator\lib\ojdbc14.jar,D:\workspace\torque4\torque-generator\lib\poolman\commons-lang-2.1.jar,D:\workspace\torque4\torque-generator\lib\poolman\commons-modeler.jar,D:\workspace\torque4\torque-generator\lib\poolman\concurrent-1.3.2.jar,D:\workspace\torque4\torque-generator\lib\poolman\frameworkset-pool.jar,D:\workspace\torque4\torque-generator\lib\poolman\frameworkset-util.jar,D:\workspace\torque4\torque-generator\lib\poolman\geronimo-jta_1.0.1B_spec-1.0.1.jar,D:\workspace\torque4\torque-generator\lib\poolman\jakarta-oro-2.0.8.jar,D:\workspace\torque4\torque-generator\lib\poolman\log4j.jar,D:\workspace\torque4\torque-generator\lib\poolman\xjavadoc-1.1.jar,F:\environment\apache-ant-1.7.1\lib\ant-launcher.jar,F:\environment\apache-ant-1.7.1\lib\ant-antlr.jar,F:\environment\apache-ant-1.7.1\lib\ant-apache-bcel.jar,F:\environment\apache-ant-1.7.1\lib\ant-apache-bsf.jar,F:\environment\apache-ant-1.7.1\lib\ant-apache-log4j.jar,F:\environment\apache-ant-1.7.1\lib\ant-apache-oro.jar,F:\environment\apache-ant-1.7.1\lib\ant-apache-regexp.jar,F:\environment\apache-ant-1.7.1\lib\ant-apache-resolver.jar,F:\environment\apache-ant-1.7.1\lib\ant-commons-logging.jar,F:\environment\apache-ant-1.7.1\lib\ant-commons-net.jar,F:\environment\apache-ant-1.7.1\lib\ant-contrib-1.0b3.jar,F:\environment\apache-ant-1.7.1\lib\ant-jai.jar,F:\environment\apache-ant-1.7.1\lib\ant-javamail.jar,F:\environment\apache-ant-1.7.1\lib\ant-jdepend.jar,F:\environment\apache-ant-1.7.1\lib\ant-jmf.jar,F:\environment\apache-ant-1.7.1\lib\ant-jsch.jar,F:\environment\apache-ant-1.7.1\lib\ant-junit.jar,F:\environment\apache-ant-1.7.1\lib\ant-netrexx.jar,F:\environment\apache-ant-1.7.1\lib\ant-nodeps.jar,F:\environment\apache-ant-1.7.1\lib\ant-starteam.jar,F:\environment\apache-ant-1.7.1\lib\ant-stylebook.jar,F:\environment\apache-ant-1.7.1\lib\ant-swing.jar,F:\environment\apache-ant-1.7.1\lib\ant-testutil.jar,F:\environment\apache-ant-1.7.1\lib\ant-trax.jar,F:\environment\apache-ant-1.7.1\lib\ant-weblogic.jar,F:\environment\apache-ant-1.7.1\lib\ant.jar,F:\environment\apache-ant-1.7.1\lib\ganymed.jar,F:\environment\apache-ant-1.7.1\lib\svnant.jar,F:\environment\apache-ant-1.7.1\lib\svnClientAdapter.jar,F:\environment\apache-ant-1.7.1\lib\svnjavahl.jar,F:\environment\apache-ant-1.7.1\lib\svnkit-javahl.jar,F:\environment\apache-ant-1.7.1\lib\svnkit.jar,F:\environment\apache-ant-1.7.1\lib\xercesImpl.jar,F:\environment\apache-ant-1.7.1\lib\xml-apis.jar,C:\Program Files\Java\jdk1.6.0_31\lib\tools.jar]
    [javac] [正在装入 java\lang\Exception.class(java\lang:Exception.class)]
    [javac] [正在装入 java\lang\Throwable.class(java\lang:Throwable.class)]
    [javac] [正在装入 java\io\Serializable.class(java\io:Serializable.class)]
    [javac] [正在装入 java\lang\Object.class(java\lang:Object.class)]
    [javac] [正在装入 java\lang\String.class(java\lang:String.class)]
    [javac] [正在装入 java\util\ArrayList.class(java\util:ArrayList.class)]
    [javac] [正在装入 java\util\Collections.class(java\util:Collections.class)]
    [javac] [正在装入 java\util\Iterator.class(java\util:Iterator.class)]
    [javac] [正在装入 java\util\List.class(java\util:List.class)]
    [javac] [正在装入 java\util\Map.class(java\util:Map.class)]
    [javac] [正在装入 org\apache\commons\collections\map\ListOrderedMap.class(org\apache\commons\collections\map:ListOrderedMap.class)]
    [javac] [正在装入 org\apache\commons\lang\StringUtils.class(org\apache\commons\lang:StringUtils.class)]
    [javac] [正在装入 org\apache\commons\logging\Log.class(org\apache\commons\logging:Log.class)]
    [javac] [正在装入 org\apache\commons\logging\LogFactory.class(org\apache\commons\logging:LogFactory.class)]
    [javac] [正在装入 org\xml\sax\Attributes.class(org\xml\sax:Attributes.class)]
    [javac] [正在装入 com\frameworkset\common\poolman\DBUtil.class(com\frameworkset\common\poolman:DBUtil.class)]
    [javac] [正在装入 com\frameworkset\common\poolman\sql\ColumnMetaData.class(com\frameworkset\common\poolman\sql:ColumnMetaData.class)]
    [javac] [正在装入 org\apache\commons\lang\enums\Enum.class(org\apache\commons\lang\enums:Enum.class)]
    [javac] [正在装入 java\lang\Comparable.class(java\lang:Comparable.class)]
    [javac] [正在装入 java\util\Hashtable.class(java\util:Hashtable.class)]
    [javac] [正在装入 java\util\HashMap.class(java\util:HashMap.class)]
    [javac] [正在装入 java\lang\Boolean.class(java\lang:Boolean.class)]
    [javac] [正在装入 java\util\StringTokenizer.class(java\util:StringTokenizer.class)]
    [javac] [正在装入 java\sql\Types.class(java\sql:Types.class)]
    [javac] [正在装入 java\lang\Integer.class(java\lang:Integer.class)]
    [javac] [正在装入 java\io\IOException.class(java\io:IOException.class)]
    [javac] [正在装入 java\io\InputStream.class(java\io:InputStream.class)]
    [javac] [正在装入 org\xml\sax\EntityResolver.class(org\xml\sax:EntityResolver.class)]
    [javac] [正在装入 org\xml\sax\InputSource.class(org\xml\sax:InputSource.class)]
    [javac] [正在装入 org\xml\sax\SAXException.class(org\xml\sax:SAXException.class)]
    [javac] [正在装入 java\io\BufferedReader.class(java\io:BufferedReader.class)]
    [javac] [正在装入 java\io\FileReader.class(java\io:FileReader.class)]
    [javac] [正在装入 java\io\BufferedInputStream.class(java\io:BufferedInputStream.class)]
    [javac] [正在装入 java\io\File.class(java\io:File.class)]
    [javac] [正在装入 java\io\FileInputStream.class(java\io:FileInputStream.class)]
    [javac] [正在装入 java\io\FileNotFoundException.class(java\io:FileNotFoundException.class)]
    [javac] [正在装入 java\util\Stack.class(java\util:Stack.class)]
    [javac] [正在装入 java\util\Vector.class(java\util:Vector.class)]
    [javac] [正在装入 javax\xml\parsers\SAXParser.class(javax\xml\parsers:SAXParser.class)]
    [javac] [正在装入 javax\xml\parsers\SAXParserFactory.class(javax\xml\parsers:SAXParserFactory.class)]
    [javac] [正在装入 org\xml\sax\SAXParseException.class(org\xml\sax:SAXParseException.class)]
    [javac] [正在装入 org\xml\sax\helpers\DefaultHandler.class(org\xml\sax\helpers:DefaultHandler.class)]
    [javac] [正在装入 org\xml\sax\DTDHandler.class(org\xml\sax:DTDHandler.class)]
    [javac] [正在装入 org\xml\sax\ContentHandler.class(org\xml\sax:ContentHandler.class)]
    [javac] [正在装入 org\xml\sax\ErrorHandler.class(org\xml\sax:ErrorHandler.class)]
    [javac] [正在装入 java\net\MalformedURLException.class(java\net:MalformedURLException.class)]
    [javac] [正在装入 java\net\URL.class(java\net:URL.class)]
    [javac] [正在装入 java\io\Reader.class(java\io:Reader.class)]
    [javac] [正在装入 java\io\BufferedWriter.class(java\io:BufferedWriter.class)]
    [javac] [正在装入 java\io\ByteArrayInputStream.class(java\io:ByteArrayInputStream.class)]
    [javac] [正在装入 java\io\ByteArrayOutputStream.class(java\io:ByteArrayOutputStream.class)]
    [javac] [正在装入 java\io\InputStreamReader.class(java\io:InputStreamReader.class)]
    [javac] [正在装入 java\io\LineNumberReader.class(java\io:LineNumberReader.class)]
    [javac] [正在装入 java\io\PrintStream.class(java\io:PrintStream.class)]
    [javac] [正在装入 java\io\Writer.class(java\io:Writer.class)]
    [javac] [正在装入 org\apache\texen\Generator.class(org\apache\texen:Generator.class)]
    [javac] [正在装入 org\apache\texen\ant\TexenTask.class(org\apache\texen\ant:TexenTask.class)]
    [javac] [正在装入 org\apache\tools\ant\BuildException.class(org\apache\tools\ant:BuildException.class)]
    [javac] [正在装入 org\apache\tools\ant\DirectoryScanner.class(org\apache\tools\ant:DirectoryScanner.class)]
    [javac] [正在装入 org\apache\tools\ant\types\FileSet.class(org\apache\tools\ant\types:FileSet.class)]
    [javac] [正在装入 java\io\UnsupportedEncodingException.class(java\io:UnsupportedEncodingException.class)]
    [javac] [正在装入 java\util\Date.class(java\util:Date.class)]
    [javac] [正在装入 org\apache\velocity\VelocityContext.class(org\apache\velocity:VelocityContext.class)]
    [javac] [正在装入 org\apache\velocity\app\VelocityEngine.class(org\apache\velocity\app:VelocityEngine.class)]
    [javac] [正在装入 org\apache\velocity\context\Context.class(org\apache\velocity\context:Context.class)]
    [javac] [正在装入 org\apache\velocity\exception\MethodInvocationException.class(org\apache\velocity\exception:MethodInvocationException.class)]
    [javac] [正在装入 org\apache\velocity\exception\ParseErrorException.class(org\apache\velocity\exception:ParseErrorException.class)]
    [javac] [正在装入 org\apache\velocity\exception\ResourceNotFoundException.class(org\apache\velocity\exception:ResourceNotFoundException.class)]
    [javac] [正在装入 org\apache\velocity\runtime\resource\loader\ClasspathResourceLoader.class(org\apache\velocity\runtime\resource\loader:ClasspathResourceLoader.class)]
    [javac] [正在装入 org\apache\velocity\runtime\resource\loader\FileResourceLoader.class(org\apache\velocity\runtime\resource\loader:FileResourceLoader.class)]
    [javac] [正在装入 org\apache\tools\ant\Task.class(org\apache\tools\ant:Task.class)]
    [javac] [正在装入 org\apache\tools\ant\ProjectComponent.class(org\apache\tools\ant:ProjectComponent.class)]
    [javac] [正在装入 java\lang\Cloneable.class(java\lang:Cloneable.class)]
    [javac] [正在装入 org\apache\velocity\runtime\resource\loader\ResourceLoader.class(org\apache\velocity\runtime\resource\loader:ResourceLoader.class)]
    [javac] [正在装入 org\apache\velocity\util\StringUtils.class(org\apache\velocity\util:StringUtils.class)]
    [javac] [正在装入 java\sql\ResultSet.class(java\sql:ResultSet.class)]
    [javac] [正在装入 java\sql\Statement.class(java\sql:Statement.class)]
    [javac] [正在装入 java\util\NoSuchElementException.class(java\util:NoSuchElementException.class)]
    [javac] [正在装入 org\apache\tools\ant\Project.class(org\apache\tools\ant:Project.class)]
    [javac] [正在装入 java\lang\UnsupportedOperationException.class(java\lang:UnsupportedOperationException.class)]
    [javac] [正在装入 java\sql\Connection.class(java\sql:Connection.class)]
    [javac] [正在装入 java\sql\DriverManager.class(java\sql:DriverManager.class)]
    [javac] [正在装入 java\sql\SQLException.class(java\sql:SQLException.class)]
    [javac] [正在装入 java\io\FileOutputStream.class(java\io:FileOutputStream.class)]
    [javac] [正在装入 java\util\Properties.class(java\util:Properties.class)]
    [javac] [正在装入 java\io\PrintWriter.class(java\io:PrintWriter.class)]
    [javac] [正在装入 java\sql\DatabaseMetaData.class(java\sql:DatabaseMetaData.class)]
    [javac] [正在装入 java\util\Collection.class(java\util:Collection.class)]
    [javac] [正在装入 org\apache\xerces\dom\DocumentImpl.class(org\apache\xerces\dom:DocumentImpl.class)]
    [javac] [正在装入 org\apache\xerces\dom\DocumentTypeImpl.class(org\apache\xerces\dom:DocumentTypeImpl.class)]
    [javac] [正在装入 org\apache\xml\serialize\Method.class(org\apache\xml\serialize:Method.class)]
    [javac] [正在装入 org\apache\xml\serialize\OutputFormat.class(org\apache\xml\serialize:OutputFormat.class)]
    [javac] [正在装入 org\apache\xml\serialize\XMLSerializer.class(org\apache\xml\serialize:XMLSerializer.class)]
    [javac] [正在装入 org\w3c\dom\Element.class(org\w3c\dom:Element.class)]
    [javac] [正在装入 java\io\BufferedOutputStream.class(java\io:BufferedOutputStream.class)]
    [javac] [正在装入 java\io\StringReader.class(java\io:StringReader.class)]
    [javac] [正在装入 java\sql\Driver.class(java\sql:Driver.class)]
    [javac] [正在装入 java\sql\ResultSetMetaData.class(java\sql:ResultSetMetaData.class)]
    [javac] [正在装入 java\sql\SQLWarning.class(java\sql:SQLWarning.class)]
    [javac] [正在装入 org\apache\tools\ant\AntClassLoader.class(org\apache\tools\ant:AntClassLoader.class)]
    [javac] [正在装入 org\apache\tools\ant\PropertyHelper.class(org\apache\tools\ant:PropertyHelper.class)]
    [javac] [正在装入 org\apache\tools\ant\types\EnumeratedAttribute.class(org\apache\tools\ant\types:EnumeratedAttribute.class)]
    [javac] [正在装入 org\apache\tools\ant\types\Path.class(org\apache\tools\ant\types:Path.class)]
    [javac] [正在装入 org\apache\tools\ant\types\Reference.class(org\apache\tools\ant\types:Reference.class)]
    [javac] [正在装入 java\io\FileWriter.class(java\io:FileWriter.class)]
    [javac] [正在装入 org\frameworkset\spi\ApplicationContext.class(org\frameworkset\spi:ApplicationContext.class)]
    [javac] [正在装入 org\frameworkset\spi\assemble\Pro.class(org\frameworkset\spi\assemble:Pro.class)]
    [javac] [正在装入 org\frameworkset\spi\assemble\ProMap.class(org\frameworkset\spi\assemble:ProMap.class)]
    [javac] [正在装入 org\junit\Test.class(org\junit:Test.class)]
    [javac] [正在装入 com\frameworkset\common\poolman\PreparedDBUtil.class(com\frameworkset\common\poolman:PreparedDBUtil.class)]
    [javac] [正在装入 com\frameworkset\util\FileUtil.class(com\frameworkset\util:FileUtil.class)]
    [javac] [正在装入 java\lang\annotation\Retention.class(java\lang\annotation:Retention.class)]
    [javac] [正在装入 java\lang\annotation\RetentionPolicy.class(java\lang\annotation:RetentionPolicy.class)]
    [javac] [正在装入 java\lang\annotation\Target.class(java\lang\annotation:Target.class)]
    [javac] [正在装入 java\lang\annotation\ElementType.class(java\lang\annotation:ElementType.class)]
    [javac] [正在装入 java\lang\annotation\Annotation.class(java\lang\annotation:Annotation.class)]
    [javac] [正在检查 org.apache.torque.engine.EngineException]
    [javac] [已写入 D:\workspace\torque4\torque-generator\classes\org\apache\torque\engine\EngineException.class]
    [javac] [正在检查 org.apache.torque.engine.database.model.Column]
    [javac] [正在装入 java\lang\Class.class(java\lang:Class.class)]
    [javac] [正在装入 org\apache\commons\collections\map\AbstractMapDecorator.class(org\apache\commons\collections\map:AbstractMapDecorator.class)]
    [javac] [正在装入 java\lang\Iterable.class(java\lang:Iterable.class)]
    [javac] [正在装入 java\lang\StringBuffer.class(java\lang:StringBuffer.class)]
    [javac] [正在装入 java\lang\CharSequence.class(java\lang:CharSequence.class)]
    [javac] [正在装入 java\lang\AbstractStringBuilder.class(java\lang:AbstractStringBuilder.class)]
    [javac] [正在装入 java\util\AbstractList.class(java\util:AbstractList.class)]
    [javac] [正在装入 java\util\AbstractCollection.class(java\util:AbstractCollection.class)]
    [javac] [正在装入 java\lang\Byte.class(java\lang:Byte.class)]
    [javac] [正在装入 java\lang\Character.class(java\lang:Character.class)]
    [javac] [正在装入 java\lang\Short.class(java\lang:Short.class)]
    [javac] [正在装入 java\lang\Long.class(java\lang:Long.class)]
    [javac] [正在装入 java\lang\Float.class(java\lang:Float.class)]
    [javac] [正在装入 java\lang\Double.class(java\lang:Double.class)]
    [javac] [正在装入 java\lang\Void.class(java\lang:Void.class)]
    [javac] [正在装入 java\util\Dictionary.class(java\util:Dictionary.class)]
    [javac] [正在装入 java\lang\Number.class(java\lang:Number.class)]
    [javac] [正在装入 java\lang\NumberFormatException.class(java\lang:NumberFormatException.class)]
    [javac] [正在装入 java\lang\IllegalArgumentException.class(java\lang:IllegalArgumentException.class)]
    [javac] [正在装入 java\lang\RuntimeException.class(java\lang:RuntimeException.class)]
    [javac] [正在装入 com\frameworkset\common\poolman\util\SQLUtil.class(com\frameworkset\common\poolman\util:SQLUtil.class)]
    [javac] [正在装入 java\lang\Error.class(java\lang:Error.class)]
    [javac] [正在装入 org\apache\commons\logging\LogConfigurationException.class(org\apache\commons\logging:LogConfigurationException.class)]
    [javac] [正在装入 java\lang\StringBuilder.class(java\lang:StringBuilder.class)]
    [javac] [已写入 D:\workspace\torque4\torque-generator\classes\org\apache\torque\engine\database\model\Column.class]
    [javac] [正在检查 org.apache.torque.engine.database.model.SchemaType]
    [javac] [已写入 D:\workspace\torque4\torque-generator\classes\org\apache\torque\engine\database\model\SchemaType.class]
    [javac] [正在检查 org.apache.torque.engine.database.model.Domain]
    [javac] [已写入 D:\workspace\torque4\torque-generator\classes\org\apache\torque\engine\database\model\Domain.class]
    [javac] [正在检查 org.apache.torque.engine.database.model.Table]
    [javac] [已写入 D:\workspace\torque4\torque-generator\classes\org\apache\torque\engine\database\model\Table.class]
    [javac] [正在检查 org.apache.torque.engine.database.model.IDMethod]
    [javac] [已写入 D:\workspace\torque4\torque-generator\classes\org\apache\torque\engine\database\model\IDMethod.class]
    [javac] [正在检查 org.apache.torque.engine.database.model.Inheritance]
    [javac] [已写入 D:\workspace\torque4\torque-generator\classes\org\apache\torque\engine\database\model\Inheritance.class]
    [javac] [正在检查 org.apache.torque.engine.database.model.ForeignKey]
    [javac] [已写入 D:\workspace\torque4\torque-generator\classes\org\apache\torque\engine\database\model\ForeignKey.class]
    [javac] [正在检查 org.apache.torque.engine.platform.Platform]
    [javac] [已写入 D:\workspace\torque4\torque-generator\classes\org\apache\torque\engine\platform\Platform.class]
    [javac] [正在检查 org.apache.torque.engine.database.model.Database]
    [javac] [正在装入 java\util\AbstractMap.class(java\util:AbstractMap.class)]
    [javac] [正在装入 java\lang\System.class(java\lang:System.class)]
    [javac] [正在装入 java\io\FilterOutputStream.class(java\io:FilterOutputStream.class)]
    [javac] [正在装入 java\io\OutputStream.class(java\io:OutputStream.class)]
    [javac] [已写入 D:\workspace\torque4\torque-generator\classes\org\apache\torque\engine\database\model\Database.class]
    [javac] [正在检查 org.apache.torque.engine.database.model.IdMethodParameter]
    [javac] [已写入 D:\workspace\torque4\torque-generator\classes\org\apache\torque\engine\database\model\IdMethodParameter.class]
    [javac] [正在检查 org.apache.torque.engine.database.model.Index]
    [javac] [已写入 D:\workspace\torque4\torque-generator\classes\org\apache\torque\engine\database\model\Index.class]
    [javac] [正在检查 org.apache.torque.engine.database.model.Unique]
    [javac] [已写入 D:\workspace\torque4\torque-generator\classes\org\apache\torque\engine\database\model\Unique.class]
    [javac] [正在检查 org.apache.torque.engine.database.model.ConstraintNameGenerator]
    [javac] [已写入 D:\workspace\torque4\torque-generator\classes\org\apache\torque\engine\database\model\ConstraintNameGenerator.class]
    [javac] [正在检查 org.apache.torque.engine.database.model.NameGenerator]
    [javac] [已写入 D:\workspace\torque4\torque-generator\classes\org\apache\torque\engine\database\model\NameGenerator.class]
    [javac] [正在检查 org.apache.torque.engine.database.model.JavaNameGenerator]
    [javac] [已写入 D:\workspace\torque4\torque-generator\classes\org\apache\torque\engine\database\model\JavaNameGenerator.class]
    [javac] [正在检查 org.apache.torque.engine.database.model.NameFactory]
    [javac] [正在装入 java\lang\InstantiationException.class(java\lang:InstantiationException.class)]
    [javac] [正在装入 java\lang\IllegalAccessException.class(java\lang:IllegalAccessException.class)]
    [javac] [正在装入 java\lang\ClassNotFoundException.class(java\lang:ClassNotFoundException.class)]
    [javac] [已写入 D:\workspace\torque4\torque-generator\classes\org\apache\torque\engine\database\model\NameFactory.class]
    [javac] [正在检查 org.apache.torque.engine.database.model.SizedForBitDataDomain]
    [javac] [已写入 D:\workspace\torque4\torque-generator\classes\org\apache\torque\engine\database\model\SizedForBitDataDomain.class]
    [javac] [正在检查 org.apache.torque.engine.database.model.TypeMap]
    [javac] [已写入 D:\workspace\torque4\torque-generator\classes\org\apache\torque\engine\database\model\TypeMap.class]
    [javac] [正在检查 org.apache.torque.engine.database.transform.DTDResolver]
    [javac] [已写入 D:\workspace\torque4\torque-generator\classes\org\apache\torque\engine\database\transform\DTDResolver.class]
    [javac] [正在检查 org.apache.torque.engine.database.transform.SQLToAppData]
    [javac] [正在装入 java\io\FileDescriptor.class(java\io:FileDescriptor.class)]
    [javac] [已写入 D:\workspace\torque4\torque-generator\classes\org\apache\torque\engine\database\transform\SQLToAppData.class]
    [javac] [正在检查 org.apache.torque.engine.sql.Token]
    [javac] [已写入 D:\workspace\torque4\torque-generator\classes\org\apache\torque\engine\sql\Token.class]
    [javac] [正在检查 org.apache.torque.engine.sql.ParseException]
    [javac] [已写入 D:\workspace\torque4\torque-generator\classes\org\apache\torque\engine\sql\ParseException.class]
    [javac] [正在检查 org.apache.torque.engine.database.transform.XmlToAppData]
    [javac] [正在装入 java\net\URI.class(java\net:URI.class)]
    [javac] [正在装入 java\io\FilterInputStream.class(java\io:FilterInputStream.class)]
    [javac] [正在装入 org\xml\sax\HandlerBase.class(org\xml\sax:HandlerBase.class)]
    [javac] [正在装入 javax\xml\parsers\ParserConfigurationException.class(javax\xml\parsers:ParserConfigurationException.class)]
    [javac] [已写入 D:\workspace\torque4\torque-generator\classes\org\apache\torque\engine\database\transform\XmlToAppData$ParseStackElement.class]
    [javac] [已写入 D:\workspace\torque4\torque-generator\classes\org\apache\torque\engine\database\transform\XmlToAppData.class]
    [javac] [正在检查 org.apache.torque.engine.database.transform.XmlToData]
    [javac] D:\workspace\torque4\torque-generator\src\main\java\org\apache\torque\engine\database\transform\XmlToData.java:83: 警告：[deprecation] java.io.File 中的 toURL() 已过时
    [javac]         dataDTD = new InputSource(dtdFile.toURL().openStream());
    [javac]                                          ^
    [javac] [已写入 D:\workspace\torque4\torque-generator\classes\org\apache\torque\engine\database\transform\XmlToData$DataRow.class]
    [javac] [已写入 D:\workspace\torque4\torque-generator\classes\org\apache\torque\engine\database\transform\XmlToData$ColumnValue.class]
    [javac] [已写入 D:\workspace\torque4\torque-generator\classes\org\apache\torque\engine\database\transform\XmlToData.class]
    [javac] [正在检查 org.apache.torque.engine.platform.PlatformAxionImpl]
    [javac] [正在检查 org.apache.torque.engine.platform.PlatformDefaultImpl]
    [javac] [已写入 D:\workspace\torque4\torque-generator\classes\org\apache\torque\engine\platform\PlatformDefaultImpl.class]
    [javac] [正在检查 org.apache.torque.engine.platform.PlatformCloudscapeImpl]
    [javac] [已写入 D:\workspace\torque4\torque-generator\classes\org\apache\torque\engine\platform\PlatformCloudscapeImpl.class]
    [javac] [正在检查 org.apache.torque.engine.platform.PlatformDb2400Impl]
    [javac] [已写入 D:\workspace\torque4\torque-generator\classes\org\apache\torque\engine\platform\PlatformDb2400Impl.class]
    [javac] [正在检查 org.apache.torque.engine.platform.PlatformDb2Impl]
    [javac] [已写入 D:\workspace\torque4\torque-generator\classes\org\apache\torque\engine\platform\PlatformDb2Impl.class]
    [javac] [正在检查 org.apache.torque.engine.platform.PlatformDerbyImpl]
    [javac] [已写入 D:\workspace\torque4\torque-generator\classes\org\apache\torque\engine\platform\PlatformDerbyImpl.class]
    [javac] [正在检查 org.apache.torque.engine.platform.PlatformFactory]
    [javac] [已写入 D:\workspace\torque4\torque-generator\classes\org\apache\torque\engine\platform\PlatformFactory.class]
    [javac] [正在检查 org.apache.torque.engine.platform.PlatformHypersonicImpl]
    [javac] [已写入 D:\workspace\torque4\torque-generator\classes\org\apache\torque\engine\platform\PlatformHypersonicImpl.class]
    [javac] [正在检查 org.apache.torque.engine.platform.PlatformInterbaseImpl]
    [javac] [已写入 D:\workspace\torque4\torque-generator\classes\org\apache\torque\engine\platform\PlatformInterbaseImpl.class]
    [javac] [正在检查 org.apache.torque.engine.platform.PlatformMsaccessImpl]
    [javac] [已写入 D:\workspace\torque4\torque-generator\classes\org\apache\torque\engine\platform\PlatformMsaccessImpl.class]
    [javac] [正在检查 org.apache.torque.engine.platform.PlatformMssqlImpl]
    [javac] [已写入 D:\workspace\torque4\torque-generator\classes\org\apache\torque\engine\platform\PlatformMssqlImpl.class]
    [javac] [正在检查 org.apache.torque.engine.platform.PlatformMysqlImpl]
    [javac] [已写入 D:\workspace\torque4\torque-generator\classes\org\apache\torque\engine\platform\PlatformMysqlImpl.class]
    [javac] [正在检查 org.apache.torque.engine.platform.PlatformOracleImpl]
    [javac] [已写入 D:\workspace\torque4\torque-generator\classes\org\apache\torque\engine\platform\PlatformOracleImpl.class]
    [javac] [正在检查 org.apache.torque.engine.platform.PlatformPostgresqlImpl]
    [javac] [已写入 D:\workspace\torque4\torque-generator\classes\org\apache\torque\engine\platform\PlatformPostgresqlImpl.class]
    [javac] [正在检查 org.apache.torque.engine.platform.PlatformSapdbImpl]
    [javac] [已写入 D:\workspace\torque4\torque-generator\classes\org\apache\torque\engine\platform\PlatformSapdbImpl.class]
    [javac] [正在检查 org.apache.torque.engine.platform.PlatformSybaseImpl]
    [javac] [已写入 D:\workspace\torque4\torque-generator\classes\org\apache\torque\engine\platform\PlatformSybaseImpl.class]
    [javac] [正在检查 org.apache.torque.engine.sql.SQLScanner]
    [javac] [正在装入 java\lang\Readable.class(java\lang:Readable.class)]
    [javac] [正在装入 java\io\Closeable.class(java\io:Closeable.class)]
    [javac] [已写入 D:\workspace\torque4\torque-generator\classes\org\apache\torque\engine\sql\SQLScanner.class]
    [javac] [正在检查 org.apache.torque.task.TorqueDataModelTask]
    [javac] [正在装入 org\apache\tools\ant\types\AbstractFileSet.class(org\apache\tools\ant\types:AbstractFileSet.class)]
    [javac] [正在装入 org\apache\tools\ant\types\DataType.class(org\apache\tools\ant\types:DataType.class)]
    [javac] [正在装入 org\apache\velocity\context\AbstractContext.class(org\apache\velocity\context:AbstractContext.class)]
    [javac] [正在装入 org\apache\velocity\context\InternalContextBase.class(org\apache\velocity\context:InternalContextBase.class)]
    [javac] [正在装入 org\apache\velocity\context\InternalHousekeepingContext.class(org\apache\velocity\context:InternalHousekeepingContext.class)]
    [javac] [正在装入 org\apache\velocity\context\InternalEventContext.class(org\apache\velocity\context:InternalEventContext.class)]
    [javac] [正在装入 java\util\Set.class(java\util:Set.class)]
    [javac] [正在装入 java\util\Map$Entry.class(java\util:Map$Entry.class)]
    [javac] [正在装入 org\apache\commons\collections\ExtendedProperties.class(org\apache\commons\collections:ExtendedProperties.class)]
    [javac] D:\workspace\torque4\torque-generator\src\main\java\org\apache\torque\task\TorqueDataModelTask.java:452: 警告：[deprecation] org.apache.tools.ant.ProjectComponent 中的 project 已过时
    [javac]                 log("Using templatePath: " + templatePath, project.MSG_VERBOSE);
    [javac]                                                            ^
    [javac] [正在装入 org\apache\velocity\runtime\RuntimeConstants.class(org\apache\velocity\runtime:RuntimeConstants.class)]
    [javac] D:\workspace\torque4\torque-generator\src\main\java\org\apache\torque\task\TorqueDataModelTask.java:502: 警告：[deprecation] org.apache.tools.ant.ProjectComponent 中的 project 已过时
    [javac]             log("Generating to file " + path, project.MSG_INFO);
    [javac]                                               ^
    [javac] D:\workspace\torque4\torque-generator\src\main\java\org\apache\torque\task\TorqueDataModelTask.java:568: 警告：[deprecation] org.apache.tools.ant.ProjectComponent 中的 project 已过时
    [javac]                                         .fileContentsToString(project
    [javac]                                                               ^
    [javac] [正在装入 java\lang\Appendable.class(java\lang:Appendable.class)]
    [javac] [正在装入 java\io\Flushable.class(java\io:Flushable.class)]
    [javac] [正在装入 org\apache\velocity\exception\VelocityException.class(org\apache\velocity\exception:VelocityException.class)]
    [javac] [正在装入 org\apache\tools\ant\Location.class(org\apache\tools\ant:Location.class)]
    [javac] [正在装入 java\nio\charset\CharsetDecoder.class(java\nio\charset:CharsetDecoder.class)]
    [javac] [正在装入 java\nio\charset\Charset.class(java\nio\charset:Charset.class)]
    [javac] [已写入 D:\workspace\torque4\torque-generator\classes\org\apache\torque\task\TorqueDataModelTask$TorqueClasspathResourceLoader.class]
    [javac] [已写入 D:\workspace\torque4\torque-generator\classes\org\apache\torque\task\TorqueDataModelTask$TorqueFileResourceLoader.class]
    [javac] [已写入 D:\workspace\torque4\torque-generator\classes\org\apache\torque\task\TorqueDataModelTask.class]
    [javac] [正在检查 org.apache.torque.task.DataDumpTask]
    [javac] D:\workspace\torque4\torque-generator\src\main\java\org\apache\torque\task\DataDumpTask.java:336: 警告：[deprecation] org.apache.tools.ant.ProjectComponent 中的 project 已过时
    [javac]         log("Generating to file " + path, project.MSG_INFO);
    [javac]                                           ^
    [javac] [正在装入 java\io\OutputStreamWriter.class(java\io:OutputStreamWriter.class)]
    [javac] [已写入 D:\workspace\torque4\torque-generator\classes\org\apache\torque\task\DataDumpTask$InnerClasspathResourceLoader.class]
    [javac] [已写入 D:\workspace\torque4\torque-generator\classes\org\apache\torque\task\DataDumpTask$InnerFileResourceLoader.class]
    [javac] [已写入 D:\workspace\torque4\torque-generator\classes\org\apache\torque\task\DataDumpTask.class]
    [javac] [正在检查 org.apache.torque.task.PackageAsPathTask]
    [javac] [已写入 D:\workspace\torque4\torque-generator\classes\org\apache\torque\task\PackageAsPathTask.class]
    [javac] [正在检查 org.apache.torque.task.TableTool]
    [javac] [正在装入 java\sql\Wrapper.class(java\sql:Wrapper.class)]
    [javac] [已写入 D:\workspace\torque4\torque-generator\classes\org\apache\torque\task\TableTool.class]
    [javac] [正在检查 org.apache.torque.task.TorqueDataDumpTask]
    [javac] [正在装入 org\apache\velocity\anakia\Escape.class(org\apache\velocity\anakia:Escape.class)]
    [javac] [已写入 D:\workspace\torque4\torque-generator\classes\org\apache\torque\task\TorqueDataDumpTask$TableTool.class]
    [javac] [已写入 D:\workspace\torque4\torque-generator\classes\org\apache\torque\task\TorqueDataDumpTask.class]
    [javac] [正在检查 org.apache.torque.task.TorqueDataSQLTask]
    [javac] [已写入 D:\workspace\torque4\torque-generator\classes\org\apache\torque\task\TorqueDataSQLTask.class]
    [javac] [正在检查 org.apache.torque.task.TorqueDocumentationTask]
    [javac] [已写入 D:\workspace\torque4\torque-generator\classes\org\apache\torque\task\TorqueDocumentationTask.class]
    [javac] [正在检查 org.apache.torque.task.TorqueJDBCTransformTask]
    [javac] [正在装入 com\frameworkset\common\poolman\util\JDBCPoolMetaData.class(com\frameworkset\common\poolman\util:JDBCPoolMetaData.class)]
    [javac] [正在装入 org\apache\xerces\dom\ParentNode.class(org\apache\xerces\dom:ParentNode.class)]
    [javac] [正在装入 org\apache\xerces\dom\ChildNode.class(org\apache\xerces\dom:ChildNode.class)]
    [javac] [正在装入 org\apache\xerces\dom\NodeImpl.class(org\apache\xerces\dom:NodeImpl.class)]
    [javac] [正在装入 org\w3c\dom\DocumentType.class(org\w3c\dom:DocumentType.class)]
    [javac] [正在装入 org\w3c\dom\Node.class(org\w3c\dom:Node.class)]
    [javac] [正在装入 org\w3c\dom\NodeList.class(org\w3c\dom:NodeList.class)]
    [javac] [正在装入 org\w3c\dom\events\EventTarget.class(org\w3c\dom\events:EventTarget.class)]
    [javac] [正在装入 org\apache\xerces\dom\CoreDocumentImpl.class(org\apache\xerces\dom:CoreDocumentImpl.class)]
    [javac] [正在装入 org\w3c\dom\Comment.class(org\w3c\dom:Comment.class)]
    [javac] [正在装入 org\w3c\dom\CharacterData.class(org\w3c\dom:CharacterData.class)]
    [javac] [正在装入 org\w3c\dom\Document.class(org\w3c\dom:Document.class)]
    [javac] [正在装入 org\apache\xml\serialize\BaseMarkupSerializer.class(org\apache\xml\serialize:BaseMarkupSerializer.class)]
    [javac] [正在装入 org\w3c\dom\DocumentFragment.class(org\w3c\dom:DocumentFragment.class)]
    [javac] [正在装入 org\w3c\dom\traversal\DocumentTraversal.class(org\w3c\dom\traversal:DocumentTraversal.class)]
    [javac] [正在装入 org\w3c\dom\events\DocumentEvent.class(org\w3c\dom\events:DocumentEvent.class)]
    [javac] [正在装入 org\w3c\dom\ranges\DocumentRange.class(org\w3c\dom\ranges:DocumentRange.class)]
    [javac] [正在装入 org\w3c\dom\DOMException.class(org\w3c\dom:DOMException.class)]
    [javac] [已写入 D:\workspace\torque4\torque-generator\classes\org\apache\torque\task\TorqueJDBCTransformTask.class]
    [javac] [正在检查 org.apache.torque.task.TorqueSQLExec]
    [javac] [正在装入 java\lang\ClassLoader.class(java\lang:ClassLoader.class)]
    [javac] [已写入 D:\workspace\torque4\torque-generator\classes\org\apache\torque\task\TorqueSQLExec$DelimiterType.class]
    [javac] [已写入 D:\workspace\torque4\torque-generator\classes\org\apache\torque\task\TorqueSQLExec$OnError.class]
    [javac] [已写入 D:\workspace\torque4\torque-generator\classes\org\apache\torque\task\TorqueSQLExec$Transaction.class]
    [javac] [已写入 D:\workspace\torque4\torque-generator\classes\org\apache\torque\task\TorqueSQLExec.class]
    [javac] [正在检查 org.apache.torque.task.TorqueSQLTask]
    [javac] [已写入 D:\workspace\torque4\torque-generator\classes\org\apache\torque\task\TorqueSQLTask.class]
    [javac] [正在检查 org.apache.torque.task.TorqueSQLTransformTask]
    [javac] [已写入 D:\workspace\torque4\torque-generator\classes\org\apache\torque\task\TorqueSQLTransformTask.class]
    [javac] [正在检查 org.frameworkset.persistent.db.DBInit]
    [javac] [正在装入 com\frameworkset\orm\adapter\DB.class(com\frameworkset\orm\adapter:DB.class)]
    [javac] [正在装入 com\frameworkset\orm\adapter\IDMethod.class(com\frameworkset\orm\adapter:IDMethod.class)]
    [javac] [正在装入 com\frameworkset\orm\platform\Platform.class(com\frameworkset\orm\platform:Platform.class)]
    [javac] [正在装入 org\frameworkset\spi\assemble\BaseTXManager.class(org\frameworkset\spi\assemble:BaseTXManager.class)]
    [javac] [正在装入 org\frameworkset\spi\assemble\ProList.class(org\frameworkset\spi\assemble:ProList.class)]
    [javac] [正在装入 com\frameworkset\util\VariableHandler.class(com\frameworkset\util:VariableHandler.class)]
    [javac] [正在装入 com\frameworkset\common\poolman\SQLParams.class(com\frameworkset\common\poolman:SQLParams.class)]
    [javac] [正在装入 com\frameworkset\common\poolman\Params.class(com\frameworkset\common\poolman:Params.class)]
    [javac] [正在装入 java\sql\Clob.class(java\sql:Clob.class)]
    [javac] [正在装入 java\io\FileFilter.class(java\io:FileFilter.class)]
    [javac] [正在装入 java\io\FilenameFilter.class(java\io:FilenameFilter.class)]
    [javac] [已写入 D:\workspace\torque4\torque-generator\classes\org\frameworkset\persistent\db\DBInit$1.class]
    [javac] [已写入 D:\workspace\torque4\torque-generator\classes\org\frameworkset\persistent\db\DBInit.class]
    [javac] [正在检查 org.apache.torque.engine.platform.PlatformAxionImpl]
    [javac] [已写入 D:\workspace\torque4\torque-generator\classes\org\apache\torque\engine\platform\PlatformAxionImpl.class]
    [javac] [总时间 750ms]
    [javac] 注意：某些输入文件使用了未经检查或不安全的操作。
    [javac] 注意：要了解详细信息，请使用 -Xlint:unchecked 重新编译。
    [javac] 5 警告

jar-torque:
     [echo] Generate the cim-model library cim-model.jar ...
      [jar] Building jar: D:\workspace\torque4\torque-generator\distrib\lib\torque.jar
   [delete] Deleting directory D:\workspace\torque4\torque-generator\classes

compile-launcher:
     [echo] compile  torque source  ...
    [mkdir] Created dir: D:\workspace\torque4\torque-generator\classes
    [javac] Compiling 1 source file to D:\workspace\torque4\torque-generator\classes
    [javac] [解析开始时间 D:\workspace\torque4\torque-generator\src-launcher\org\frameworkset\persistent\db\Launcher.java]
    [javac] [解析已完成时间 31ms]
    [javac] [源文件的搜索路径： D:\workspace\torque4\torque-generator\src-launcher]
    [javac] [类文件的搜索路径： C:\Program Files\Java\jdk1.6.0_31\jre\lib\resources.jar,C:\Program Files\Java\jdk1.6.0_31\jre\lib\rt.jar,C:\Program Files\Java\jdk1.6.0_31\jre\lib\sunrsasign.jar,C:\Program Files\Java\jdk1.6.0_31\jre\lib\jsse.jar,C:\Program Files\Java\jdk1.6.0_31\jre\lib\jce.jar,C:\Program Files\Java\jdk1.6.0_31\jre\lib\charsets.jar,C:\Program Files\Java\jdk1.6.0_31\jre\lib\modules\jdk.boot.jar,C:\Program Files\Java\jdk1.6.0_31\jre\classes,C:\Program Files\Java\jdk1.6.0_31\jre\lib\ext\dnsns.jar,C:\Program Files\Java\jdk1.6.0_31\jre\lib\ext\localedata.jar,C:\Program Files\Java\jdk1.6.0_31\jre\lib\ext\sunjce_provider.jar,C:\Program Files\Java\jdk1.6.0_31\jre\lib\ext\sunmscapi.jar,C:\Program Files\Java\jdk1.6.0_31\jre\lib\ext\sunpkcs11.jar,D:\workspace\torque4\torque-generator\classes,D:\workspace\torque4\torque-generator\lib\asm-3.1.jar,D:\workspace\torque4\torque-generator\lib\bboss-aop.jar,D:\workspace\torque4\torque-generator\lib\bboss-camel.jar,D:\workspace\torque4\torque-generator\lib\bboss-jms.jar,D:\workspace\torque4\torque-generator\lib\bboss-mina.jar,D:\workspace\torque4\torque-generator\lib\bboss-rmi.jar,D:\workspace\torque4\torque-generator\lib\bboss-schedule.jar,D:\workspace\torque4\torque-generator\lib\bboss-tlq.jar,D:\workspace\torque4\torque-generator\lib\bboss-ws.jar,D:\workspace\torque4\torque-generator\lib\cglib-2.2.jar,D:\workspace\torque4\torque-generator\lib\derby\derby.jar,D:\workspace\torque4\torque-generator\lib\derby\derbyLocale_cs.jar,D:\workspace\torque4\torque-generator\lib\derby\derbyLocale_de_DE.jar,D:\workspace\torque4\torque-generator\lib\derby\derbyLocale_es.jar,D:\workspace\torque4\torque-generator\lib\derby\derbyLocale_fr.jar,D:\workspace\torque4\torque-generator\lib\derby\derbyLocale_hu.jar,D:\workspace\torque4\torque-generator\lib\derby\derbyLocale_it.jar,D:\workspace\torque4\torque-generator\lib\derby\derbyLocale_ja_JP.jar,D:\workspace\torque4\torque-generator\lib\derby\derbyLocale_ko_KR.jar,D:\workspace\torque4\torque-generator\lib\derby\derbyLocale_pl.jar,D:\workspace\torque4\torque-generator\lib\derby\derbyLocale_pt_BR.jar,D:\workspace\torque4\torque-generator\lib\derby\derbyLocale_ru.jar,D:\workspace\torque4\torque-generator\lib\derby\derbyLocale_zh_CN.jar,D:\workspace\torque4\torque-generator\lib\derby\derbyLocale_zh_TW.jar,D:\workspace\torque4\torque-generator\lib\derby\derbyclient.jar,D:\workspace\torque4\torque-generator\lib\derby\derbynet.jar,D:\workspace\torque4\torque-generator\lib\derby\derbyrun.jar,D:\workspace\torque4\torque-generator\lib\derby\derbytools.jar,D:\workspace\torque4\torque-generator\lib\mvnpro\ant-1.7.0.jar,D:\workspace\torque4\torque-generator\lib\mvnpro\ant-launcher-1.7.0.jar,D:\workspace\torque4\torque-generator\lib\mvnpro\avalon-framework-4.1.3.jar,D:\workspace\torque4\torque-generator\lib\mvnpro\commons-collections-3.2.jar,D:\workspace\torque4\torque-generator\lib\mvnpro\commons-lang-2.3.jar,D:\workspace\torque4\torque-generator\lib\mvnpro\commons-logging-1.1.jar,D:\workspace\torque4\torque-generator\lib\mvnpro\junit-4.6.jar,D:\workspace\torque4\torque-generator\lib\mvnpro\log4j-1.2.14.jar,D:\workspace\torque4\torque-generator\lib\mvnpro\logkit-1.0.1.jar,D:\workspace\torque4\torque-generator\lib\mvnpro\servlet-api-2.3.jar,D:\workspace\torque4\torque-generator\lib\mvnpro\texen-1.0.jar,D:\workspace\torque4\torque-generator\lib\mvnpro\velocity-1.5.jar,D:\workspace\torque4\torque-generator\lib\mvnpro\village-3.3.jar,D:\workspace\torque4\torque-generator\lib\mvnpro\xercesImpl-2.6.2.jar,D:\workspace\torque4\torque-generator\lib\mvnpro\xml-apis-1.0.b2.jar,D:\workspace\torque4\torque-generator\lib\mysql\mysql-connector-java-3.1.14-bin.jar,D:\workspace\torque4\torque-generator\lib\ojdbc14.jar,D:\workspace\torque4\torque-generator\lib\poolman\commons-lang-2.1.jar,D:\workspace\torque4\torque-generator\lib\poolman\commons-modeler.jar,D:\workspace\torque4\torque-generator\lib\poolman\concurrent-1.3.2.jar,D:\workspace\torque4\torque-generator\lib\poolman\frameworkset-pool.jar,D:\workspace\torque4\torque-generator\lib\poolman\frameworkset-util.jar,D:\workspace\torque4\torque-generator\lib\poolman\geronimo-jta_1.0.1B_spec-1.0.1.jar,D:\workspace\torque4\torque-generator\lib\poolman\jakarta-oro-2.0.8.jar,D:\workspace\torque4\torque-generator\lib\poolman\log4j.jar,D:\workspace\torque4\torque-generator\lib\poolman\xjavadoc-1.1.jar,F:\environment\apache-ant-1.7.1\lib\ant-launcher.jar,F:\environment\apache-ant-1.7.1\lib\ant-antlr.jar,F:\environment\apache-ant-1.7.1\lib\ant-apache-bcel.jar,F:\environment\apache-ant-1.7.1\lib\ant-apache-bsf.jar,F:\environment\apache-ant-1.7.1\lib\ant-apache-log4j.jar,F:\environment\apache-ant-1.7.1\lib\ant-apache-oro.jar,F:\environment\apache-ant-1.7.1\lib\ant-apache-regexp.jar,F:\environment\apache-ant-1.7.1\lib\ant-apache-resolver.jar,F:\environment\apache-ant-1.7.1\lib\ant-commons-logging.jar,F:\environment\apache-ant-1.7.1\lib\ant-commons-net.jar,F:\environment\apache-ant-1.7.1\lib\ant-contrib-1.0b3.jar,F:\environment\apache-ant-1.7.1\lib\ant-jai.jar,F:\environment\apache-ant-1.7.1\lib\ant-javamail.jar,F:\environment\apache-ant-1.7.1\lib\ant-jdepend.jar,F:\environment\apache-ant-1.7.1\lib\ant-jmf.jar,F:\environment\apache-ant-1.7.1\lib\ant-jsch.jar,F:\environment\apache-ant-1.7.1\lib\ant-junit.jar,F:\environment\apache-ant-1.7.1\lib\ant-netrexx.jar,F:\environment\apache-ant-1.7.1\lib\ant-nodeps.jar,F:\environment\apache-ant-1.7.1\lib\ant-starteam.jar,F:\environment\apache-ant-1.7.1\lib\ant-stylebook.jar,F:\environment\apache-ant-1.7.1\lib\ant-swing.jar,F:\environment\apache-ant-1.7.1\lib\ant-testutil.jar,F:\environment\apache-ant-1.7.1\lib\ant-trax.jar,F:\environment\apache-ant-1.7.1\lib\ant-weblogic.jar,F:\environment\apache-ant-1.7.1\lib\ant.jar,F:\environment\apache-ant-1.7.1\lib\ganymed.jar,F:\environment\apache-ant-1.7.1\lib\svnant.jar,F:\environment\apache-ant-1.7.1\lib\svnClientAdapter.jar,F:\environment\apache-ant-1.7.1\lib\svnjavahl.jar,F:\environment\apache-ant-1.7.1\lib\svnkit-javahl.jar,F:\environment\apache-ant-1.7.1\lib\svnkit.jar,F:\environment\apache-ant-1.7.1\lib\xercesImpl.jar,F:\environment\apache-ant-1.7.1\lib\xml-apis.jar,C:\Program Files\Java\jdk1.6.0_31\lib\tools.jar]
    [javac] [正在装入 java\io\BufferedReader.class(java\io:BufferedReader.class)]
    [javac] [正在装入 java\io\File.class(java\io:File.class)]
    [javac] [正在装入 java\io\FileFilter.class(java\io:FileFilter.class)]
    [javac] [正在装入 java\io\FileNotFoundException.class(java\io:FileNotFoundException.class)]
    [javac] [正在装入 java\io\InputStreamReader.class(java\io:InputStreamReader.class)]
    [javac] [正在装入 java\io\UnsupportedEncodingException.class(java\io:UnsupportedEncodingException.class)]
    [javac] [正在装入 java\lang\reflect\InvocationTargetException.class(java\lang\reflect:InvocationTargetException.class)]
    [javac] [正在装入 java\lang\reflect\Method.class(java\lang\reflect:Method.class)]
    [javac] [正在装入 java\net\InetAddress.class(java\net:InetAddress.class)]
    [javac] [正在装入 java\net\MalformedURLException.class(java\net:MalformedURLException.class)]
    [javac] [正在装入 java\net\NetworkInterface.class(java\net:NetworkInterface.class)]
    [javac] [正在装入 java\net\SocketException.class(java\net:SocketException.class)]
    [javac] [正在装入 java\net\URL.class(java\net:URL.class)]
    [javac] [正在装入 java\net\URLClassLoader.class(java\net:URLClassLoader.class)]
    [javac] [正在装入 java\net\URLDecoder.class(java\net:URLDecoder.class)]
    [javac] [正在装入 java\util\ArrayList.class(java\util:ArrayList.class)]
    [javac] [正在装入 java\util\Enumeration.class(java\util:Enumeration.class)]
    [javac] [正在装入 java\util\List.class(java\util:List.class)]
    [javac] [正在装入 java\lang\Object.class(java\lang:Object.class)]
    [javac] [正在装入 java\lang\String.class(java\lang:String.class)]
    [javac] [正在装入 java\lang\SecurityException.class(java\lang:SecurityException.class)]
    [javac] [正在装入 java\lang\IllegalArgumentException.class(java\lang:IllegalArgumentException.class)]
    [javac] [正在装入 java\lang\ClassNotFoundException.class(java\lang:ClassNotFoundException.class)]
    [javac] [正在装入 java\lang\NoSuchMethodException.class(java\lang:NoSuchMethodException.class)]
    [javac] [正在装入 java\lang\IllegalAccessException.class(java\lang:IllegalAccessException.class)]
    [javac] [正在装入 java\lang\InstantiationException.class(java\lang:InstantiationException.class)]
    [javac] [正在装入 java\lang\Exception.class(java\lang:Exception.class)]
    [javac] [正在装入 java\lang\Process.class(java\lang:Process.class)]
    [javac] [正在装入 java\lang\StringBuffer.class(java\lang:StringBuffer.class)]
    [javac] [正在检查 org.frameworkset.persistent.db.Launcher]
    [javac] [正在装入 java\io\IOException.class(java\io:IOException.class)]
    [javac] [正在装入 java\lang\Throwable.class(java\lang:Throwable.class)]
    [javac] [正在装入 java\lang\RuntimeException.class(java\lang:RuntimeException.class)]
    [javac] [正在装入 java\lang\Class.class(java\lang:Class.class)]
    [javac] [正在装入 java\security\ProtectionDomain.class(java\security:ProtectionDomain.class)]
    [javac] [正在装入 java\security\CodeSource.class(java\security:CodeSource.class)]
    [javac] [正在装入 java\net\URI.class(java\net:URI.class)]
    [javac] [正在装入 java\util\Collection.class(java\util:Collection.class)]
    [javac] [正在装入 java\util\AbstractList.class(java\util:AbstractList.class)]
    [javac] [正在装入 java\util\AbstractCollection.class(java\util:AbstractCollection.class)]
    [javac] [正在装入 java\lang\Iterable.class(java\lang:Iterable.class)]
    [javac] [正在装入 java\lang\System.class(java\lang:System.class)]
    [javac] [正在装入 java\io\PrintStream.class(java\io:PrintStream.class)]
    [javac] [正在装入 java\io\FilterOutputStream.class(java\io:FilterOutputStream.class)]
    [javac] [正在装入 java\io\OutputStream.class(java\io:OutputStream.class)]
    [javac] [正在装入 java\lang\ClassLoader.class(java\lang:ClassLoader.class)]
    [javac] [正在装入 java\security\SecureClassLoader.class(java\security:SecureClassLoader.class)]
    [javac] [正在装入 java\lang\Thread.class(java\lang:Thread.class)]
    [javac] [正在装入 java\lang\reflect\AccessibleObject.class(java\lang\reflect:AccessibleObject.class)]
    [javac] [正在装入 java\io\FilenameFilter.class(java\io:FilenameFilter.class)]
    [javac] [正在装入 java\lang\CharSequence.class(java\lang:CharSequence.class)]
    [javac] [正在装入 java\io\Serializable.class(java\io:Serializable.class)]
    [javac] [正在装入 java\lang\Comparable.class(java\lang:Comparable.class)]
    [javac] [正在装入 java\lang\Runtime.class(java\lang:Runtime.class)]
    [javac] [正在装入 java\io\InputStream.class(java\io:InputStream.class)]
    [javac] [正在装入 java\io\Reader.class(java\io:Reader.class)]
    [javac] [正在装入 java\lang\IllegalThreadStateException.class(java\lang:IllegalThreadStateException.class)]
    [javac] [正在装入 java\lang\AbstractStringBuilder.class(java\lang:AbstractStringBuilder.class)]
    [javac] [正在装入 java\lang\Error.class(java\lang:Error.class)]
    [javac] [已写入 D:\workspace\torque4\torque-generator\classes\org\frameworkset\persistent\db\Launcher$1.class]
    [javac] [正在装入 java\lang\StringBuilder.class(java\lang:StringBuilder.class)]
    [javac] [已写入 D:\workspace\torque4\torque-generator\classes\org\frameworkset\persistent\db\Launcher.class]
    [javac] [总时间 328ms]
    [javac] 注意：D:\workspace\torque4\torque-generator\src-launcher\org\frameworkset\persistent\db\Launcher.java 使用了未经检查或不安全的操作。
    [javac] 注意：要了解详细信息，请使用 -Xlint:unchecked 重新编译。

jar-launcher:
     [echo] Generate the cim-model library launcher.jar ...
      [jar] Building jar: D:\workspace\torque4\torque-generator\distrib\launcher.jar
   [delete] Deleting directory D:\workspace\torque4\torque-generator\classes

copy-resource:
     [echo] copy resource files ...
     [copy] Copying 13 files to D:\workspace\torque4\torque-generator\distrib\resources
     [copy] Copying 244 files to D:\workspace\torque4\torque-generator\distrib\templates
     [copy] Copying 12 files to D:\workspace\torque4\torque-generator\distrib\schema
     [copy] Copying 2 files to D:\workspace\torque4\torque-generator\distrib\schema\index
     [copy] Copying 1 file to D:\workspace\torque4\torque-generator\distrib\schema\patch
     [copy] Copying 9 files to D:\workspace\torque4\torque-generator\distrib\schema\data
     [copy] Copying 1 file to D:\workspace\torque4\torque-generator\distrib
     [copy] Copying 1 file to D:\workspace\torque4\torque-generator\distrib

copy-depends-liberary:
     [echo] copy depends liberarys ...
     [copy] Copying 41 files to D:\workspace\torque4\torque-generator\distrib\lib

distrib:
     [echo] Construct the distribution package...

complete:

dbzip:
      [jar] Building jar: D:\workspace\torque4\torque-generator\distrib\dbinit.zip

BUILD SUCCESSFUL
Total time: 8 seconds
