Buildfile: build.xml

init:
     [echo] Init...
   [delete] Deleting directory D:\workspace\bbossgroup\torque4\torque-generator\distrib
    [mkdir] Created dir: D:\workspace\bbossgroup\torque4\torque-generator\classes
    [mkdir] Created dir: D:\workspace\bbossgroup\torque4\torque-generator\distrib
    [mkdir] Created dir: D:\workspace\bbossgroup\torque4\torque-generator\distrib\lib

compile-torque:
     [echo] compile  torque source  ...
    [javac] Compiling 54 source files to D:\workspace\bbossgroup\torque4\torque-generator\classes
    [javac] [解析开始时间 D:\workspace\bbossgroup\torque4\torque-generator\src\main\java\org\apache\torque\engine\EngineException.java]
    [javac] [解析已完成时间 31ms]
    [javac] [解析开始时间 D:\workspace\bbossgroup\torque4\torque-generator\src\main\java\org\apache\torque\engine\database\model\Column.java]
    [javac] [解析已完成时间 16ms]
    [javac] [解析开始时间 D:\workspace\bbossgroup\torque4\torque-generator\src\main\java\org\apache\torque\engine\database\model\ConstraintNameGenerator.java]
    [javac] [解析已完成时间 0ms]
    [javac] [解析开始时间 D:\workspace\bbossgroup\torque4\torque-generator\src\main\java\org\apache\torque\engine\database\model\Database.java]
    [javac] [解析已完成时间 16ms]
    [javac] [解析开始时间 D:\workspace\bbossgroup\torque4\torque-generator\src\main\java\org\apache\torque\engine\database\model\Domain.java]
    [javac] [解析已完成时间 0ms]
    [javac] [解析开始时间 D:\workspace\bbossgroup\torque4\torque-generator\src\main\java\org\apache\torque\engine\database\model\ForeignKey.java]
    [javac] [解析已完成时间 15ms]
    [javac] [解析开始时间 D:\workspace\bbossgroup\torque4\torque-generator\src\main\java\org\apache\torque\engine\database\model\IDMethod.java]
    [javac] [解析已完成时间 0ms]
    [javac] [解析开始时间 D:\workspace\bbossgroup\torque4\torque-generator\src\main\java\org\apache\torque\engine\database\model\IdMethodParameter.java]
    [javac] [解析已完成时间 0ms]
    [javac] [解析开始时间 D:\workspace\bbossgroup\torque4\torque-generator\src\main\java\org\apache\torque\engine\database\model\Index.java]
    [javac] [解析已完成时间 0ms]
    [javac] [解析开始时间 D:\workspace\bbossgroup\torque4\torque-generator\src\main\java\org\apache\torque\engine\database\model\Inheritance.java]
    [javac] [解析已完成时间 0ms]
    [javac] [解析开始时间 D:\workspace\bbossgroup\torque4\torque-generator\src\main\java\org\apache\torque\engine\database\model\JavaNameGenerator.java]
    [javac] [解析已完成时间 0ms]
    [javac] [解析开始时间 D:\workspace\bbossgroup\torque4\torque-generator\src\main\java\org\apache\torque\engine\database\model\NameFactory.java]
    [javac] [解析已完成时间 0ms]
    [javac] [解析开始时间 D:\workspace\bbossgroup\torque4\torque-generator\src\main\java\org\apache\torque\engine\database\model\NameGenerator.java]
    [javac] [解析已完成时间 0ms]
    [javac] [解析开始时间 D:\workspace\bbossgroup\torque4\torque-generator\src\main\java\org\apache\torque\engine\database\model\SchemaType.java]
    [javac] [解析已完成时间 0ms]
    [javac] [解析开始时间 D:\workspace\bbossgroup\torque4\torque-generator\src\main\java\org\apache\torque\engine\database\model\SizedForBitDataDomain.java]
    [javac] [解析已完成时间 0ms]
    [javac] [解析开始时间 D:\workspace\bbossgroup\torque4\torque-generator\src\main\java\org\apache\torque\engine\database\model\Table.java]
    [javac] [解析已完成时间 16ms]
    [javac] [解析开始时间 D:\workspace\bbossgroup\torque4\torque-generator\src\main\java\org\apache\torque\engine\database\model\TypeMap.java]
    [javac] [解析已完成时间 0ms]
    [javac] [解析开始时间 D:\workspace\bbossgroup\torque4\torque-generator\src\main\java\org\apache\torque\engine\database\model\Unique.java]
    [javac] [解析已完成时间 0ms]
    [javac] [解析开始时间 D:\workspace\bbossgroup\torque4\torque-generator\src\main\java\org\apache\torque\engine\database\transform\DTDResolver.java]
    [javac] [解析已完成时间 0ms]
    [javac] [解析开始时间 D:\workspace\bbossgroup\torque4\torque-generator\src\main\java\org\apache\torque\engine\database\transform\SQLToAppData.java]
    [javac] [解析已完成时间 0ms]
    [javac] [解析开始时间 D:\workspace\bbossgroup\torque4\torque-generator\src\main\java\org\apache\torque\engine\database\transform\XmlToAppData.java]
    [javac] [解析已完成时间 15ms]
    [javac] [解析开始时间 D:\workspace\bbossgroup\torque4\torque-generator\src\main\java\org\apache\torque\engine\database\transform\XmlToData.java]
    [javac] [解析已完成时间 0ms]
    [javac] [解析开始时间 D:\workspace\bbossgroup\torque4\torque-generator\src\main\java\org\apache\torque\engine\platform\Platform.java]
    [javac] [解析已完成时间 0ms]
    [javac] [解析开始时间 D:\workspace\bbossgroup\torque4\torque-generator\src\main\java\org\apache\torque\engine\platform\PlatformAxionImpl.java]
    [javac] [解析已完成时间 0ms]
    [javac] [解析开始时间 D:\workspace\bbossgroup\torque4\torque-generator\src\main\java\org\apache\torque\engine\platform\PlatformCloudscapeImpl.java]
    [javac] [解析已完成时间 0ms]
    [javac] [解析开始时间 D:\workspace\bbossgroup\torque4\torque-generator\src\main\java\org\apache\torque\engine\platform\PlatformDb2400Impl.java]
    [javac] [解析已完成时间 0ms]
    [javac] [解析开始时间 D:\workspace\bbossgroup\torque4\torque-generator\src\main\java\org\apache\torque\engine\platform\PlatformDb2Impl.java]
    [javac] [解析已完成时间 0ms]
    [javac] [解析开始时间 D:\workspace\bbossgroup\torque4\torque-generator\src\main\java\org\apache\torque\engine\platform\PlatformDefaultImpl.java]
    [javac] [解析已完成时间 0ms]
    [javac] [解析开始时间 D:\workspace\bbossgroup\torque4\torque-generator\src\main\java\org\apache\torque\engine\platform\PlatformDerbyImpl.java]
    [javac] [解析已完成时间 0ms]
    [javac] [解析开始时间 D:\workspace\bbossgroup\torque4\torque-generator\src\main\java\org\apache\torque\engine\platform\PlatformFactory.java]
    [javac] [解析已完成时间 0ms]
    [javac] [解析开始时间 D:\workspace\bbossgroup\torque4\torque-generator\src\main\java\org\apache\torque\engine\platform\PlatformHypersonicImpl.java]
    [javac] [解析已完成时间 0ms]
    [javac] [解析开始时间 D:\workspace\bbossgroup\torque4\torque-generator\src\main\java\org\apache\torque\engine\platform\PlatformInterbaseImpl.java]
    [javac] [解析已完成时间 0ms]
    [javac] [解析开始时间 D:\workspace\bbossgroup\torque4\torque-generator\src\main\java\org\apache\torque\engine\platform\PlatformMsaccessImpl.java]
    [javac] [解析已完成时间 0ms]
    [javac] [解析开始时间 D:\workspace\bbossgroup\torque4\torque-generator\src\main\java\org\apache\torque\engine\platform\PlatformMssqlImpl.java]
    [javac] [解析已完成时间 0ms]
    [javac] [解析开始时间 D:\workspace\bbossgroup\torque4\torque-generator\src\main\java\org\apache\torque\engine\platform\PlatformMysqlImpl.java]
    [javac] [解析已完成时间 0ms]
    [javac] [解析开始时间 D:\workspace\bbossgroup\torque4\torque-generator\src\main\java\org\apache\torque\engine\platform\PlatformOracleImpl.java]
    [javac] [解析已完成时间 0ms]
    [javac] [解析开始时间 D:\workspace\bbossgroup\torque4\torque-generator\src\main\java\org\apache\torque\engine\platform\PlatformPostgresqlImpl.java]
    [javac] [解析已完成时间 0ms]
    [javac] [解析开始时间 D:\workspace\bbossgroup\torque4\torque-generator\src\main\java\org\apache\torque\engine\platform\PlatformSapdbImpl.java]
    [javac] [解析已完成时间 0ms]
    [javac] [解析开始时间 D:\workspace\bbossgroup\torque4\torque-generator\src\main\java\org\apache\torque\engine\platform\PlatformSybaseImpl.java]
    [javac] [解析已完成时间 0ms]
    [javac] [解析开始时间 D:\workspace\bbossgroup\torque4\torque-generator\src\main\java\org\apache\torque\engine\sql\ParseException.java]
    [javac] [解析已完成时间 0ms]
    [javac] [解析开始时间 D:\workspace\bbossgroup\torque4\torque-generator\src\main\java\org\apache\torque\engine\sql\SQLScanner.java]
    [javac] [解析已完成时间 0ms]
    [javac] [解析开始时间 D:\workspace\bbossgroup\torque4\torque-generator\src\main\java\org\apache\torque\engine\sql\Token.java]
    [javac] [解析已完成时间 0ms]
    [javac] [解析开始时间 D:\workspace\bbossgroup\torque4\torque-generator\src\main\java\org\apache\torque\task\DataDumpTask.java]
    [javac] [解析已完成时间 0ms]
    [javac] [解析开始时间 D:\workspace\bbossgroup\torque4\torque-generator\src\main\java\org\apache\torque\task\PackageAsPathTask.java]
    [javac] [解析已完成时间 0ms]
    [javac] [解析开始时间 D:\workspace\bbossgroup\torque4\torque-generator\src\main\java\org\apache\torque\task\TableTool.java]
    [javac] [解析已完成时间 0ms]
    [javac] [解析开始时间 D:\workspace\bbossgroup\torque4\torque-generator\src\main\java\org\apache\torque\task\TorqueDataDumpTask.java]
    [javac] [解析已完成时间 0ms]
    [javac] [解析开始时间 D:\workspace\bbossgroup\torque4\torque-generator\src\main\java\org\apache\torque\task\TorqueDataModelTask.java]
    [javac] [解析已完成时间 0ms]
    [javac] [解析开始时间 D:\workspace\bbossgroup\torque4\torque-generator\src\main\java\org\apache\torque\task\TorqueDataSQLTask.java]
    [javac] [解析已完成时间 0ms]
    [javac] [解析开始时间 D:\workspace\bbossgroup\torque4\torque-generator\src\main\java\org\apache\torque\task\TorqueDocumentationTask.java]
    [javac] [解析已完成时间 0ms]
    [javac] [解析开始时间 D:\workspace\bbossgroup\torque4\torque-generator\src\main\java\org\apache\torque\task\TorqueJDBCTransformTask.java]
    [javac] [解析已完成时间 16ms]
    [javac] [解析开始时间 D:\workspace\bbossgroup\torque4\torque-generator\src\main\java\org\apache\torque\task\TorqueSQLExec.java]
    [javac] [解析已完成时间 0ms]
    [javac] [解析开始时间 D:\workspace\bbossgroup\torque4\torque-generator\src\main\java\org\apache\torque\task\TorqueSQLTask.java]
    [javac] [解析已完成时间 0ms]
    [javac] [解析开始时间 D:\workspace\bbossgroup\torque4\torque-generator\src\main\java\org\apache\torque\task\TorqueSQLTransformTask.java]
    [javac] [解析已完成时间 0ms]
    [javac] [解析开始时间 D:\workspace\bbossgroup\torque4\torque-generator\src-dbtransfer\org\frameworkset\persistent\db\DBInit.java]
    [javac] [解析已完成时间 15ms]
    [javac] [源文件的搜索路径： [D:\workspace\bbossgroup\torque4\torque-generator\src\main\java, D:\workspace\bbossgroup\torque4\torque-generator\src-dbtransfer]]
    [javac] [类文件的搜索路径： [C:\Program Files\Java\jdk1.5.0_17\jre\lib\rt.jar, C:\Program Files\Java\jdk1.5.0_17\jre\lib\jsse.jar, C:\Program Files\Java\jdk1.5.0_17\jre\lib\jce.jar, C:\Program Files\Java\jdk1.5.0_17\jre\lib\charsets.jar, C:\Program Files\Java\jdk1.5.0_17\jre\lib\ext\dnsns.jar, C:\Program Files\Java\jdk1.5.0_17\jre\lib\ext\localedata.jar, C:\Program Files\Java\jdk1.5.0_17\jre\lib\ext\sunjce_provider.jar, C:\Program Files\Java\jdk1.5.0_17\jre\lib\ext\sunpkcs11.jar, D:\workspace\bbossgroup\torque4\torque-generator\classes, D:\workspace\bbossgroup\torque4\torque-generator\lib\asm-3.1.jar, D:\workspace\bbossgroup\torque4\torque-generator\lib\bboss-aop.jar, D:\workspace\bbossgroup\torque4\torque-generator\lib\bboss-camel.jar, D:\workspace\bbossgroup\torque4\torque-generator\lib\bboss-jms.jar, D:\workspace\bbossgroup\torque4\torque-generator\lib\bboss-mina.jar, D:\workspace\bbossgroup\torque4\torque-generator\lib\bboss-rmi.jar, D:\workspace\bbossgroup\torque4\torque-generator\lib\bboss-schedule.jar, D:\workspace\bbossgroup\torque4\torque-generator\lib\bboss-tlq.jar, D:\workspace\bbossgroup\torque4\torque-generator\lib\bboss-ws.jar, D:\workspace\bbossgroup\torque4\torque-generator\lib\cglib-2.2.jar, D:\workspace\bbossgroup\torque4\torque-generator\lib\derby\derby.jar, D:\workspace\bbossgroup\torque4\torque-generator\lib\derby\derbyclient.jar, D:\workspace\bbossgroup\torque4\torque-generator\lib\derby\derbynet.jar, D:\workspace\bbossgroup\torque4\torque-generator\lib\derby\derbyrun.jar, D:\workspace\bbossgroup\torque4\torque-generator\lib\derby\derbytools.jar, D:\workspace\bbossgroup\torque4\torque-generator\lib\mvnpro\ant-1.7.0.jar, D:\workspace\bbossgroup\torque4\torque-generator\lib\mvnpro\ant-launcher-1.7.0.jar, D:\workspace\bbossgroup\torque4\torque-generator\lib\mvnpro\avalon-framework-4.1.3.jar, D:\workspace\bbossgroup\torque4\torque-generator\lib\mvnpro\commons-collections-3.2.jar, D:\workspace\bbossgroup\torque4\torque-generator\lib\mvnpro\commons-lang-2.3.jar, D:\workspace\bbossgroup\torque4\torque-generator\lib\mvnpro\commons-logging-1.1.jar, D:\workspace\bbossgroup\torque4\torque-generator\lib\mvnpro\junit-4.6.jar, D:\workspace\bbossgroup\torque4\torque-generator\lib\mvnpro\log4j-1.2.14.jar, D:\workspace\bbossgroup\torque4\torque-generator\lib\mvnpro\logkit-1.0.1.jar, D:\workspace\bbossgroup\torque4\torque-generator\lib\mvnpro\servlet-api-2.3.jar, D:\workspace\bbossgroup\torque4\torque-generator\lib\mvnpro\texen-1.0.jar, D:\workspace\bbossgroup\torque4\torque-generator\lib\mvnpro\velocity-1.5.jar, D:\workspace\bbossgroup\torque4\torque-generator\lib\mvnpro\village-3.3.jar, D:\workspace\bbossgroup\torque4\torque-generator\lib\mvnpro\xercesImpl-2.6.2.jar, D:\workspace\bbossgroup\torque4\torque-generator\lib\mvnpro\xml-apis-1.0.b2.jar, D:\workspace\bbossgroup\torque4\torque-generator\lib\mysql\mysql-connector-java-3.1.14-bin.jar, D:\workspace\bbossgroup\torque4\torque-generator\lib\ojdbc14.jar, D:\workspace\bbossgroup\torque4\torque-generator\lib\poolman\commons-lang-2.1.jar, D:\workspace\bbossgroup\torque4\torque-generator\lib\poolman\commons-modeler.jar, D:\workspace\bbossgroup\torque4\torque-generator\lib\poolman\concurrent-1.3.2.jar, D:\workspace\bbossgroup\torque4\torque-generator\lib\poolman\frameworkset-pool.jar, D:\workspace\bbossgroup\torque4\torque-generator\lib\poolman\frameworkset-util.jar, D:\workspace\bbossgroup\torque4\torque-generator\lib\poolman\geronimo-jta_1.0.1B_spec-1.0.1.jar, D:\workspace\bbossgroup\torque4\torque-generator\lib\poolman\jakarta-oro-2.0.8.jar, D:\workspace\bbossgroup\torque4\torque-generator\lib\poolman\log4j.jar, D:\workspace\bbossgroup\torque4\torque-generator\lib\poolman\xjavadoc-1.1.jar, E:\environment\ant\lib\ant-launcher.jar, E:\environment\ant\lib\ant-antlr.jar, E:\environment\ant\lib\ant-apache-bcel.jar, E:\environment\ant\lib\ant-apache-bsf.jar, E:\environment\ant\lib\ant-apache-log4j.jar, E:\environment\ant\lib\ant-apache-oro.jar, E:\environment\ant\lib\ant-apache-regexp.jar, E:\environment\ant\lib\ant-apache-resolver.jar, E:\environment\ant\lib\ant-commons-logging.jar, E:\environment\ant\lib\ant-commons-net.jar, E:\environment\ant\lib\ant-contrib-1.0b3.jar, E:\environment\ant\lib\ant-jai.jar, E:\environment\ant\lib\ant-javamail.jar, E:\environment\ant\lib\ant-jdepend.jar, E:\environment\ant\lib\ant-jmf.jar, E:\environment\ant\lib\ant-jsch.jar, E:\environment\ant\lib\ant-junit.jar, E:\environment\ant\lib\ant-netrexx.jar, E:\environment\ant\lib\ant-nodeps.jar, E:\environment\ant\lib\ant-starteam.jar, E:\environment\ant\lib\ant-stylebook.jar, E:\environment\ant\lib\ant-swing.jar, E:\environment\ant\lib\ant-testutil.jar, E:\environment\ant\lib\ant-trax.jar, E:\environment\ant\lib\ant-weblogic.jar, E:\environment\ant\lib\ant.jar, E:\environment\ant\lib\ganymed.jar, E:\environment\ant\lib\svnant.jar, E:\environment\ant\lib\svnClientAdapter.jar, E:\environment\ant\lib\svnjavahl.jar, E:\environment\ant\lib\svnkit.jar, E:\environment\ant\lib\xercesImpl.jar, E:\environment\ant\lib\xml-apis.jar, C:\Program Files\Java\jdk1.5.0_17\lib\tools.jar]]
    [javac] [正在装入 C:\Program Files\Java\jdk1.5.0_17\jre\lib\rt.jar(java/lang/Exception.class)]
    [javac] [正在装入 C:\Program Files\Java\jdk1.5.0_17\jre\lib\rt.jar(java/lang/Throwable.class)]
    [javac] [正在装入 C:\Program Files\Java\jdk1.5.0_17\jre\lib\rt.jar(java/io/Serializable.class)]
    [javac] [正在装入 C:\Program Files\Java\jdk1.5.0_17\jre\lib\rt.jar(java/lang/Object.class)]
    [javac] [正在装入 C:\Program Files\Java\jdk1.5.0_17\jre\lib\rt.jar(java/lang/String.class)]
    [javac] [正在装入 C:\Program Files\Java\jdk1.5.0_17\jre\lib\rt.jar(java/util/ArrayList.class)]
    [javac] [正在装入 C:\Program Files\Java\jdk1.5.0_17\jre\lib\rt.jar(java/util/Collections.class)]
    [javac] [正在装入 C:\Program Files\Java\jdk1.5.0_17\jre\lib\rt.jar(java/util/Iterator.class)]
    [javac] [正在装入 C:\Program Files\Java\jdk1.5.0_17\jre\lib\rt.jar(java/util/List.class)]
    [javac] [正在装入 C:\Program Files\Java\jdk1.5.0_17\jre\lib\rt.jar(java/util/Map.class)]
    [javac] [正在装入 D:\workspace\bbossgroup\torque4\torque-generator\lib\mvnpro\commons-collections-3.2.jar(org/apache/commons/collections/map/ListOrderedMap.class)]
    [javac] [正在装入 D:\workspace\bbossgroup\torque4\torque-generator\lib\mvnpro\commons-lang-2.3.jar(org/apache/commons/lang/StringUtils.class)]
    [javac] [正在装入 D:\workspace\bbossgroup\torque4\torque-generator\lib\mvnpro\commons-logging-1.1.jar(org/apache/commons/logging/Log.class)]
    [javac] [正在装入 D:\workspace\bbossgroup\torque4\torque-generator\lib\mvnpro\commons-logging-1.1.jar(org/apache/commons/logging/LogFactory.class)]
    [javac] [正在装入 C:\Program Files\Java\jdk1.5.0_17\jre\lib\rt.jar(org/xml/sax/Attributes.class)]
    [javac] [正在装入 D:\workspace\bbossgroup\torque4\torque-generator\lib\mvnpro\commons-lang-2.3.jar(org/apache/commons/lang/enums/Enum.class)]
    [javac] [正在装入 C:\Program Files\Java\jdk1.5.0_17\jre\lib\rt.jar(java/lang/Comparable.class)]
    [javac] [正在装入 C:\Program Files\Java\jdk1.5.0_17\jre\lib\rt.jar(java/util/Hashtable.class)]
    [javac] [正在装入 C:\Program Files\Java\jdk1.5.0_17\jre\lib\rt.jar(java/util/HashMap.class)]
    [javac] [正在装入 C:\Program Files\Java\jdk1.5.0_17\jre\lib\rt.jar(java/lang/Boolean.class)]
    [javac] [正在装入 C:\Program Files\Java\jdk1.5.0_17\jre\lib\rt.jar(java/util/StringTokenizer.class)]
    [javac] [正在装入 C:\Program Files\Java\jdk1.5.0_17\jre\lib\rt.jar(java/sql/Types.class)]
    [javac] [正在装入 C:\Program Files\Java\jdk1.5.0_17\jre\lib\rt.jar(java/lang/Integer.class)]
    [javac] [正在装入 C:\Program Files\Java\jdk1.5.0_17\jre\lib\rt.jar(java/io/IOException.class)]
    [javac] [正在装入 C:\Program Files\Java\jdk1.5.0_17\jre\lib\rt.jar(java/io/InputStream.class)]
    [javac] [正在装入 C:\Program Files\Java\jdk1.5.0_17\jre\lib\rt.jar(org/xml/sax/EntityResolver.class)]
    [javac] [正在装入 C:\Program Files\Java\jdk1.5.0_17\jre\lib\rt.jar(org/xml/sax/InputSource.class)]
    [javac] [正在装入 C:\Program Files\Java\jdk1.5.0_17\jre\lib\rt.jar(org/xml/sax/SAXException.class)]
    [javac] [正在装入 C:\Program Files\Java\jdk1.5.0_17\jre\lib\rt.jar(java/io/BufferedReader.class)]
    [javac] [正在装入 C:\Program Files\Java\jdk1.5.0_17\jre\lib\rt.jar(java/io/FileReader.class)]
    [javac] [正在装入 C:\Program Files\Java\jdk1.5.0_17\jre\lib\rt.jar(java/io/BufferedInputStream.class)]
    [javac] [正在装入 C:\Program Files\Java\jdk1.5.0_17\jre\lib\rt.jar(java/io/File.class)]
    [javac] [正在装入 C:\Program Files\Java\jdk1.5.0_17\jre\lib\rt.jar(java/io/FileInputStream.class)]
    [javac] [正在装入 C:\Program Files\Java\jdk1.5.0_17\jre\lib\rt.jar(java/io/FileNotFoundException.class)]
    [javac] [正在装入 C:\Program Files\Java\jdk1.5.0_17\jre\lib\rt.jar(java/util/Stack.class)]
    [javac] [正在装入 C:\Program Files\Java\jdk1.5.0_17\jre\lib\rt.jar(java/util/Vector.class)]
    [javac] [正在装入 C:\Program Files\Java\jdk1.5.0_17\jre\lib\rt.jar(javax/xml/parsers/SAXParser.class)]
    [javac] [正在装入 C:\Program Files\Java\jdk1.5.0_17\jre\lib\rt.jar(javax/xml/parsers/SAXParserFactory.class)]
    [javac] [正在装入 C:\Program Files\Java\jdk1.5.0_17\jre\lib\rt.jar(org/xml/sax/SAXParseException.class)]
    [javac] [正在装入 C:\Program Files\Java\jdk1.5.0_17\jre\lib\rt.jar(org/xml/sax/helpers/DefaultHandler.class)]
    [javac] [正在装入 C:\Program Files\Java\jdk1.5.0_17\jre\lib\rt.jar(org/xml/sax/DTDHandler.class)]
    [javac] [正在装入 C:\Program Files\Java\jdk1.5.0_17\jre\lib\rt.jar(org/xml/sax/ContentHandler.class)]
    [javac] [正在装入 C:\Program Files\Java\jdk1.5.0_17\jre\lib\rt.jar(org/xml/sax/ErrorHandler.class)]
    [javac] [正在装入 C:\Program Files\Java\jdk1.5.0_17\jre\lib\rt.jar(java/net/MalformedURLException.class)]
    [javac] [正在装入 C:\Program Files\Java\jdk1.5.0_17\jre\lib\rt.jar(java/net/URL.class)]
    [javac] [正在装入 C:\Program Files\Java\jdk1.5.0_17\jre\lib\rt.jar(java/io/Reader.class)]
    [javac] [正在装入 C:\Program Files\Java\jdk1.5.0_17\jre\lib\rt.jar(java/io/BufferedWriter.class)]
    [javac] [正在装入 C:\Program Files\Java\jdk1.5.0_17\jre\lib\rt.jar(java/io/ByteArrayInputStream.class)]
    [javac] [正在装入 C:\Program Files\Java\jdk1.5.0_17\jre\lib\rt.jar(java/io/ByteArrayOutputStream.class)]
    [javac] [正在装入 C:\Program Files\Java\jdk1.5.0_17\jre\lib\rt.jar(java/io/InputStreamReader.class)]
    [javac] [正在装入 C:\Program Files\Java\jdk1.5.0_17\jre\lib\rt.jar(java/io/LineNumberReader.class)]
    [javac] [正在装入 C:\Program Files\Java\jdk1.5.0_17\jre\lib\rt.jar(java/io/PrintStream.class)]
    [javac] [正在装入 C:\Program Files\Java\jdk1.5.0_17\jre\lib\rt.jar(java/io/Writer.class)]
    [javac] [正在装入 D:\workspace\bbossgroup\torque4\torque-generator\lib\mvnpro\texen-1.0.jar(org/apache/texen/Generator.class)]
    [javac] [正在装入 D:\workspace\bbossgroup\torque4\torque-generator\lib\mvnpro\texen-1.0.jar(org/apache/texen/ant/TexenTask.class)]
    [javac] [正在装入 D:\workspace\bbossgroup\torque4\torque-generator\lib\mvnpro\ant-1.7.0.jar(org/apache/tools/ant/BuildException.class)]
    [javac] [正在装入 D:\workspace\bbossgroup\torque4\torque-generator\lib\mvnpro\ant-1.7.0.jar(org/apache/tools/ant/DirectoryScanner.class)]
    [javac] [正在装入 D:\workspace\bbossgroup\torque4\torque-generator\lib\mvnpro\ant-1.7.0.jar(org/apache/tools/ant/types/FileSet.class)]
    [javac] [正在装入 C:\Program Files\Java\jdk1.5.0_17\jre\lib\rt.jar(java/io/UnsupportedEncodingException.class)]
    [javac] [正在装入 C:\Program Files\Java\jdk1.5.0_17\jre\lib\rt.jar(java/util/Date.class)]
    [javac] [正在装入 D:\workspace\bbossgroup\torque4\torque-generator\lib\mvnpro\velocity-1.5.jar(org/apache/velocity/VelocityContext.class)]
    [javac] [正在装入 D:\workspace\bbossgroup\torque4\torque-generator\lib\mvnpro\velocity-1.5.jar(org/apache/velocity/app/VelocityEngine.class)]
    [javac] [正在装入 D:\workspace\bbossgroup\torque4\torque-generator\lib\mvnpro\velocity-1.5.jar(org/apache/velocity/context/Context.class)]
    [javac] [正在装入 D:\workspace\bbossgroup\torque4\torque-generator\lib\mvnpro\velocity-1.5.jar(org/apache/velocity/exception/MethodInvocationException.class)]
    [javac] [正在装入 D:\workspace\bbossgroup\torque4\torque-generator\lib\mvnpro\velocity-1.5.jar(org/apache/velocity/exception/ParseErrorException.class)]
    [javac] [正在装入 D:\workspace\bbossgroup\torque4\torque-generator\lib\mvnpro\velocity-1.5.jar(org/apache/velocity/exception/ResourceNotFoundException.class)]
    [javac] [正在装入 D:\workspace\bbossgroup\torque4\torque-generator\lib\mvnpro\velocity-1.5.jar(org/apache/velocity/runtime/resource/loader/ClasspathResourceLoader.class)]
    [javac] [正在装入 D:\workspace\bbossgroup\torque4\torque-generator\lib\mvnpro\velocity-1.5.jar(org/apache/velocity/runtime/resource/loader/FileResourceLoader.class)]
    [javac] [正在装入 D:\workspace\bbossgroup\torque4\torque-generator\lib\mvnpro\ant-1.7.0.jar(org/apache/tools/ant/Task.class)]
    [javac] [正在装入 D:\workspace\bbossgroup\torque4\torque-generator\lib\mvnpro\ant-1.7.0.jar(org/apache/tools/ant/ProjectComponent.class)]
    [javac] [正在装入 C:\Program Files\Java\jdk1.5.0_17\jre\lib\rt.jar(java/lang/Cloneable.class)]
    [javac] [正在装入 D:\workspace\bbossgroup\torque4\torque-generator\lib\mvnpro\velocity-1.5.jar(org/apache/velocity/runtime/resource/loader/ResourceLoader.class)]
    [javac] [正在装入 D:\workspace\bbossgroup\torque4\torque-generator\lib\mvnpro\velocity-1.5.jar(org/apache/velocity/util/StringUtils.class)]
    [javac] [正在装入 C:\Program Files\Java\jdk1.5.0_17\jre\lib\rt.jar(java/sql/ResultSet.class)]
    [javac] [正在装入 C:\Program Files\Java\jdk1.5.0_17\jre\lib\rt.jar(java/sql/Statement.class)]
    [javac] [正在装入 C:\Program Files\Java\jdk1.5.0_17\jre\lib\rt.jar(java/util/NoSuchElementException.class)]
    [javac] [正在装入 D:\workspace\bbossgroup\torque4\torque-generator\lib\mvnpro\ant-1.7.0.jar(org/apache/tools/ant/Project.class)]
    [javac] [正在装入 C:\Program Files\Java\jdk1.5.0_17\jre\lib\rt.jar(java/lang/UnsupportedOperationException.class)]
    [javac] [正在装入 C:\Program Files\Java\jdk1.5.0_17\jre\lib\rt.jar(java/sql/Connection.class)]
    [javac] [正在装入 C:\Program Files\Java\jdk1.5.0_17\jre\lib\rt.jar(java/sql/DriverManager.class)]
    [javac] [正在装入 C:\Program Files\Java\jdk1.5.0_17\jre\lib\rt.jar(java/sql/SQLException.class)]
    [javac] [正在装入 C:\Program Files\Java\jdk1.5.0_17\jre\lib\rt.jar(java/io/FileOutputStream.class)]
    [javac] [正在装入 C:\Program Files\Java\jdk1.5.0_17\jre\lib\rt.jar(java/util/Properties.class)]
    [javac] [正在装入 C:\Program Files\Java\jdk1.5.0_17\jre\lib\rt.jar(java/io/PrintWriter.class)]
    [javac] [正在装入 C:\Program Files\Java\jdk1.5.0_17\jre\lib\rt.jar(java/sql/DatabaseMetaData.class)]
    [javac] [正在装入 C:\Program Files\Java\jdk1.5.0_17\jre\lib\rt.jar(java/util/Collection.class)]
    [javac] [正在装入 D:\workspace\bbossgroup\torque4\torque-generator\lib\mvnpro\xercesImpl-2.6.2.jar(org/apache/xerces/dom/DocumentImpl.class)]
    [javac] [正在装入 D:\workspace\bbossgroup\torque4\torque-generator\lib\mvnpro\xercesImpl-2.6.2.jar(org/apache/xerces/dom/DocumentTypeImpl.class)]
    [javac] [正在装入 D:\workspace\bbossgroup\torque4\torque-generator\lib\mvnpro\xercesImpl-2.6.2.jar(org/apache/xml/serialize/Method.class)]
    [javac] [正在装入 D:\workspace\bbossgroup\torque4\torque-generator\lib\mvnpro\xercesImpl-2.6.2.jar(org/apache/xml/serialize/OutputFormat.class)]
    [javac] [正在装入 D:\workspace\bbossgroup\torque4\torque-generator\lib\mvnpro\xercesImpl-2.6.2.jar(org/apache/xml/serialize/XMLSerializer.class)]
    [javac] [正在装入 C:\Program Files\Java\jdk1.5.0_17\jre\lib\rt.jar(org/w3c/dom/Element.class)]
    [javac] [正在装入 D:\workspace\bbossgroup\torque4\torque-generator\lib\poolman\frameworkset-pool.jar(com/frameworkset/common/poolman/DBUtil.class)]
    [javac] [正在装入 C:\Program Files\Java\jdk1.5.0_17\jre\lib\rt.jar(java/io/BufferedOutputStream.class)]
    [javac] [正在装入 C:\Program Files\Java\jdk1.5.0_17\jre\lib\rt.jar(java/io/StringReader.class)]
    [javac] [正在装入 C:\Program Files\Java\jdk1.5.0_17\jre\lib\rt.jar(java/sql/Driver.class)]
    [javac] [正在装入 C:\Program Files\Java\jdk1.5.0_17\jre\lib\rt.jar(java/sql/ResultSetMetaData.class)]
    [javac] [正在装入 C:\Program Files\Java\jdk1.5.0_17\jre\lib\rt.jar(java/sql/SQLWarning.class)]
    [javac] [正在装入 D:\workspace\bbossgroup\torque4\torque-generator\lib\mvnpro\ant-1.7.0.jar(org/apache/tools/ant/AntClassLoader.class)]
    [javac] [正在装入 D:\workspace\bbossgroup\torque4\torque-generator\lib\mvnpro\ant-1.7.0.jar(org/apache/tools/ant/PropertyHelper.class)]
    [javac] [正在装入 D:\workspace\bbossgroup\torque4\torque-generator\lib\mvnpro\ant-1.7.0.jar(org/apache/tools/ant/types/EnumeratedAttribute.class)]
    [javac] [正在装入 D:\workspace\bbossgroup\torque4\torque-generator\lib\mvnpro\ant-1.7.0.jar(org/apache/tools/ant/types/Path.class)]
    [javac] [正在装入 D:\workspace\bbossgroup\torque4\torque-generator\lib\mvnpro\ant-1.7.0.jar(org/apache/tools/ant/types/Reference.class)]
    [javac] [正在装入 C:\Program Files\Java\jdk1.5.0_17\jre\lib\rt.jar(java/io/FileWriter.class)]
    [javac] [正在装入 D:\workspace\bbossgroup\torque4\torque-generator\lib\poolman\jakarta-oro-2.0.8.jar(org/apache/oro/text/regex/Perl5Compiler.class)]
    [javac] [正在装入 D:\workspace\bbossgroup\torque4\torque-generator\lib\bboss-aop.jar(org/frameworkset/spi/ApplicationContext.class)]
    [javac] [正在装入 D:\workspace\bbossgroup\torque4\torque-generator\lib\bboss-aop.jar(org/frameworkset/spi/assemble/Pro.class)]
    [javac] [正在装入 D:\workspace\bbossgroup\torque4\torque-generator\lib\bboss-aop.jar(org/frameworkset/spi/assemble/ProMap.class)]
    [javac] [正在装入 D:\workspace\bbossgroup\torque4\torque-generator\lib\mvnpro\junit-4.6.jar(org/junit/Test.class)]
    [javac] [正在装入 D:\workspace\bbossgroup\torque4\torque-generator\lib\poolman\frameworkset-pool.jar(com/frameworkset/common/poolman/PreparedDBUtil.class)]
    [javac] [正在装入 C:\Program Files\Java\jdk1.5.0_17\jre\lib\rt.jar(java/lang/annotation/Retention.class)]
    [javac] [正在装入 C:\Program Files\Java\jdk1.5.0_17\jre\lib\rt.jar(java/lang/annotation/RetentionPolicy.class)]
    [javac] [正在装入 C:\Program Files\Java\jdk1.5.0_17\jre\lib\rt.jar(java/lang/annotation/Target.class)]
    [javac] [正在装入 C:\Program Files\Java\jdk1.5.0_17\jre\lib\rt.jar(java/lang/annotation/ElementType.class)]
    [javac] [正在装入 C:\Program Files\Java\jdk1.5.0_17\jre\lib\rt.jar(java/lang/annotation/Annotation.class)]
    [javac] [正在检查 org.apache.torque.engine.EngineException]
    [javac] [已写入 D:\workspace\bbossgroup\torque4\torque-generator\classes\org\apache\torque\engine\EngineException.class]
    [javac] [正在检查 org.apache.torque.engine.database.model.Column]
    [javac] [正在装入 C:\Program Files\Java\jdk1.5.0_17\jre\lib\rt.jar(java/lang/Class.class)]
    [javac] [正在装入 D:\workspace\bbossgroup\torque4\torque-generator\lib\mvnpro\commons-collections-3.2.jar(org/apache/commons/collections/map/AbstractMapDecorator.class)]
    [javac] [正在装入 C:\Program Files\Java\jdk1.5.0_17\jre\lib\rt.jar(java/lang/Iterable.class)]
    [javac] [正在装入 C:\Program Files\Java\jdk1.5.0_17\jre\lib\rt.jar(java/lang/StringBuffer.class)]
    [javac] [正在装入 C:\Program Files\Java\jdk1.5.0_17\jre\lib\rt.jar(java/lang/CharSequence.class)]
    [javac] [正在装入 C:\Program Files\Java\jdk1.5.0_17\jre\lib\rt.jar(java/lang/AbstractStringBuilder.class)]
    [javac] [正在装入 C:\Program Files\Java\jdk1.5.0_17\jre\lib\rt.jar(java/util/AbstractList.class)]
    [javac] [正在装入 C:\Program Files\Java\jdk1.5.0_17\jre\lib\rt.jar(java/util/AbstractCollection.class)]
    [javac] [正在装入 C:\Program Files\Java\jdk1.5.0_17\jre\lib\rt.jar(java/lang/Byte.class)]
    [javac] [正在装入 C:\Program Files\Java\jdk1.5.0_17\jre\lib\rt.jar(java/lang/Character.class)]
    [javac] [正在装入 C:\Program Files\Java\jdk1.5.0_17\jre\lib\rt.jar(java/lang/Short.class)]
    [javac] [正在装入 C:\Program Files\Java\jdk1.5.0_17\jre\lib\rt.jar(java/lang/Long.class)]
    [javac] [正在装入 C:\Program Files\Java\jdk1.5.0_17\jre\lib\rt.jar(java/lang/Float.class)]
    [javac] [正在装入 C:\Program Files\Java\jdk1.5.0_17\jre\lib\rt.jar(java/lang/Double.class)]
    [javac] [正在装入 C:\Program Files\Java\jdk1.5.0_17\jre\lib\rt.jar(java/lang/Void.class)]
    [javac] [正在装入 C:\Program Files\Java\jdk1.5.0_17\jre\lib\rt.jar(java/util/Dictionary.class)]
    [javac] [正在装入 C:\Program Files\Java\jdk1.5.0_17\jre\lib\rt.jar(java/lang/Number.class)]
    [javac] [正在装入 C:\Program Files\Java\jdk1.5.0_17\jre\lib\rt.jar(java/lang/NumberFormatException.class)]
    [javac] [正在装入 C:\Program Files\Java\jdk1.5.0_17\jre\lib\rt.jar(java/lang/IllegalArgumentException.class)]
    [javac] [正在装入 C:\Program Files\Java\jdk1.5.0_17\jre\lib\rt.jar(java/lang/RuntimeException.class)]
    [javac] [正在装入 C:\Program Files\Java\jdk1.5.0_17\jre\lib\rt.jar(java/lang/Error.class)]
    [javac] [正在装入 D:\workspace\bbossgroup\torque4\torque-generator\lib\mvnpro\commons-logging-1.1.jar(org/apache/commons/logging/LogConfigurationException.class)]
    [javac] [正在装入 C:\Program Files\Java\jdk1.5.0_17\jre\lib\rt.jar(java/lang/StringBuilder.class)]
    [javac] [已写入 D:\workspace\bbossgroup\torque4\torque-generator\classes\org\apache\torque\engine\database\model\Column.class]
    [javac] [正在检查 org.apache.torque.engine.database.model.SchemaType]
    [javac] [已写入 D:\workspace\bbossgroup\torque4\torque-generator\classes\org\apache\torque\engine\database\model\SchemaType.class]
    [javac] [正在检查 org.apache.torque.engine.database.model.Domain]
    [javac] [已写入 D:\workspace\bbossgroup\torque4\torque-generator\classes\org\apache\torque\engine\database\model\Domain.class]
    [javac] [正在检查 org.apache.torque.engine.database.model.Table]
    [javac] [已写入 D:\workspace\bbossgroup\torque4\torque-generator\classes\org\apache\torque\engine\database\model\Table.class]
    [javac] [正在检查 org.apache.torque.engine.database.model.IDMethod]
    [javac] [已写入 D:\workspace\bbossgroup\torque4\torque-generator\classes\org\apache\torque\engine\database\model\IDMethod.class]
    [javac] [正在检查 org.apache.torque.engine.database.model.Inheritance]
    [javac] [已写入 D:\workspace\bbossgroup\torque4\torque-generator\classes\org\apache\torque\engine\database\model\Inheritance.class]
    [javac] [正在检查 org.apache.torque.engine.database.model.ForeignKey]
    [javac] [已写入 D:\workspace\bbossgroup\torque4\torque-generator\classes\org\apache\torque\engine\database\model\ForeignKey.class]
    [javac] [正在检查 org.apache.torque.engine.platform.Platform]
    [javac] [已写入 D:\workspace\bbossgroup\torque4\torque-generator\classes\org\apache\torque\engine\platform\Platform.class]
    [javac] [正在检查 org.apache.torque.engine.database.model.Database]
    [javac] [正在装入 C:\Program Files\Java\jdk1.5.0_17\jre\lib\rt.jar(java/util/AbstractMap.class)]
    [javac] [正在装入 C:\Program Files\Java\jdk1.5.0_17\jre\lib\rt.jar(java/lang/System.class)]
    [javac] [正在装入 C:\Program Files\Java\jdk1.5.0_17\jre\lib\rt.jar(java/io/FilterOutputStream.class)]
    [javac] [正在装入 C:\Program Files\Java\jdk1.5.0_17\jre\lib\rt.jar(java/io/OutputStream.class)]
    [javac] [已写入 D:\workspace\bbossgroup\torque4\torque-generator\classes\org\apache\torque\engine\database\model\Database.class]
    [javac] [正在检查 org.apache.torque.engine.database.model.IdMethodParameter]
    [javac] [已写入 D:\workspace\bbossgroup\torque4\torque-generator\classes\org\apache\torque\engine\database\model\IdMethodParameter.class]
    [javac] [正在检查 org.apache.torque.engine.database.model.Index]
    [javac] [已写入 D:\workspace\bbossgroup\torque4\torque-generator\classes\org\apache\torque\engine\database\model\Index.class]
    [javac] [正在检查 org.apache.torque.engine.database.model.Unique]
    [javac] [已写入 D:\workspace\bbossgroup\torque4\torque-generator\classes\org\apache\torque\engine\database\model\Unique.class]
    [javac] [正在检查 org.apache.torque.engine.database.model.ConstraintNameGenerator]
    [javac] [已写入 D:\workspace\bbossgroup\torque4\torque-generator\classes\org\apache\torque\engine\database\model\ConstraintNameGenerator.class]
    [javac] [正在检查 org.apache.torque.engine.database.model.NameGenerator]
    [javac] [已写入 D:\workspace\bbossgroup\torque4\torque-generator\classes\org\apache\torque\engine\database\model\NameGenerator.class]
    [javac] [正在检查 org.apache.torque.engine.database.model.JavaNameGenerator]
    [javac] [已写入 D:\workspace\bbossgroup\torque4\torque-generator\classes\org\apache\torque\engine\database\model\JavaNameGenerator.class]
    [javac] [正在检查 org.apache.torque.engine.database.model.NameFactory]
    [javac] [正在装入 C:\Program Files\Java\jdk1.5.0_17\jre\lib\rt.jar(java/lang/InstantiationException.class)]
    [javac] [正在装入 C:\Program Files\Java\jdk1.5.0_17\jre\lib\rt.jar(java/lang/IllegalAccessException.class)]
    [javac] [正在装入 C:\Program Files\Java\jdk1.5.0_17\jre\lib\rt.jar(java/lang/ClassNotFoundException.class)]
    [javac] [已写入 D:\workspace\bbossgroup\torque4\torque-generator\classes\org\apache\torque\engine\database\model\NameFactory.class]
    [javac] [正在检查 org.apache.torque.engine.database.model.SizedForBitDataDomain]
    [javac] [已写入 D:\workspace\bbossgroup\torque4\torque-generator\classes\org\apache\torque\engine\database\model\SizedForBitDataDomain.class]
    [javac] [正在检查 org.apache.torque.engine.database.model.TypeMap]
    [javac] [已写入 D:\workspace\bbossgroup\torque4\torque-generator\classes\org\apache\torque\engine\database\model\TypeMap.class]
    [javac] [正在检查 org.apache.torque.engine.database.transform.DTDResolver]
    [javac] [已写入 D:\workspace\bbossgroup\torque4\torque-generator\classes\org\apache\torque\engine\database\transform\DTDResolver.class]
    [javac] [正在检查 org.apache.torque.engine.database.transform.SQLToAppData]
    [javac] [正在装入 C:\Program Files\Java\jdk1.5.0_17\jre\lib\rt.jar(java/io/FileDescriptor.class)]
    [javac] [已写入 D:\workspace\bbossgroup\torque4\torque-generator\classes\org\apache\torque\engine\database\transform\SQLToAppData.class]
    [javac] [正在检查 org.apache.torque.engine.sql.Token]
    [javac] [已写入 D:\workspace\bbossgroup\torque4\torque-generator\classes\org\apache\torque\engine\sql\Token.class]
    [javac] [正在检查 org.apache.torque.engine.sql.ParseException]
    [javac] [已写入 D:\workspace\bbossgroup\torque4\torque-generator\classes\org\apache\torque\engine\sql\ParseException.class]
    [javac] [正在检查 org.apache.torque.engine.database.transform.XmlToAppData]
    [javac] [正在装入 C:\Program Files\Java\jdk1.5.0_17\jre\lib\rt.jar(java/net/URI.class)]
    [javac] [正在装入 C:\Program Files\Java\jdk1.5.0_17\jre\lib\rt.jar(java/io/FilterInputStream.class)]
    [javac] [正在装入 C:\Program Files\Java\jdk1.5.0_17\jre\lib\rt.jar(org/xml/sax/HandlerBase.class)]
    [javac] [正在装入 C:\Program Files\Java\jdk1.5.0_17\jre\lib\rt.jar(javax/xml/parsers/ParserConfigurationException.class)]
    [javac] [已写入 D:\workspace\bbossgroup\torque4\torque-generator\classes\org\apache\torque\engine\database\transform\XmlToAppData$ParseStackElement.class]
    [javac] [已写入 D:\workspace\bbossgroup\torque4\torque-generator\classes\org\apache\torque\engine\database\transform\XmlToAppData.class]
    [javac] [正在检查 org.apache.torque.engine.database.transform.XmlToData]
    [javac] [已写入 D:\workspace\bbossgroup\torque4\torque-generator\classes\org\apache\torque\engine\database\transform\XmlToData$DataRow.class]
    [javac] [已写入 D:\workspace\bbossgroup\torque4\torque-generator\classes\org\apache\torque\engine\database\transform\XmlToData$ColumnValue.class]
    [javac] [已写入 D:\workspace\bbossgroup\torque4\torque-generator\classes\org\apache\torque\engine\database\transform\XmlToData.class]
    [javac] [正在检查 org.apache.torque.engine.platform.PlatformAxionImpl]
    [javac] [已写入 D:\workspace\bbossgroup\torque4\torque-generator\classes\org\apache\torque\engine\platform\PlatformAxionImpl.class]
    [javac] [正在检查 org.apache.torque.engine.platform.PlatformDefaultImpl]
    [javac] [已写入 D:\workspace\bbossgroup\torque4\torque-generator\classes\org\apache\torque\engine\platform\PlatformDefaultImpl.class]
    [javac] [正在检查 org.apache.torque.engine.platform.PlatformCloudscapeImpl]
    [javac] [已写入 D:\workspace\bbossgroup\torque4\torque-generator\classes\org\apache\torque\engine\platform\PlatformCloudscapeImpl.class]
    [javac] [正在检查 org.apache.torque.engine.platform.PlatformDb2400Impl]
    [javac] [已写入 D:\workspace\bbossgroup\torque4\torque-generator\classes\org\apache\torque\engine\platform\PlatformDb2400Impl.class]
    [javac] [正在检查 org.apache.torque.engine.platform.PlatformDb2Impl]
    [javac] [已写入 D:\workspace\bbossgroup\torque4\torque-generator\classes\org\apache\torque\engine\platform\PlatformDb2Impl.class]
    [javac] [正在检查 org.apache.torque.engine.platform.PlatformDerbyImpl]
    [javac] [已写入 D:\workspace\bbossgroup\torque4\torque-generator\classes\org\apache\torque\engine\platform\PlatformDerbyImpl.class]
    [javac] [正在检查 org.apache.torque.engine.platform.PlatformFactory]
    [javac] [已写入 D:\workspace\bbossgroup\torque4\torque-generator\classes\org\apache\torque\engine\platform\PlatformFactory.class]
    [javac] [正在检查 org.apache.torque.engine.platform.PlatformHypersonicImpl]
    [javac] [已写入 D:\workspace\bbossgroup\torque4\torque-generator\classes\org\apache\torque\engine\platform\PlatformHypersonicImpl.class]
    [javac] [正在检查 org.apache.torque.engine.platform.PlatformInterbaseImpl]
    [javac] [已写入 D:\workspace\bbossgroup\torque4\torque-generator\classes\org\apache\torque\engine\platform\PlatformInterbaseImpl.class]
    [javac] [正在检查 org.apache.torque.engine.platform.PlatformMsaccessImpl]
    [javac] [已写入 D:\workspace\bbossgroup\torque4\torque-generator\classes\org\apache\torque\engine\platform\PlatformMsaccessImpl.class]
    [javac] [正在检查 org.apache.torque.engine.platform.PlatformMssqlImpl]
    [javac] [已写入 D:\workspace\bbossgroup\torque4\torque-generator\classes\org\apache\torque\engine\platform\PlatformMssqlImpl.class]
    [javac] [正在检查 org.apache.torque.engine.platform.PlatformMysqlImpl]
    [javac] [已写入 D:\workspace\bbossgroup\torque4\torque-generator\classes\org\apache\torque\engine\platform\PlatformMysqlImpl.class]
    [javac] [正在检查 org.apache.torque.engine.platform.PlatformOracleImpl]
    [javac] [已写入 D:\workspace\bbossgroup\torque4\torque-generator\classes\org\apache\torque\engine\platform\PlatformOracleImpl.class]
    [javac] [正在检查 org.apache.torque.engine.platform.PlatformPostgresqlImpl]
    [javac] [已写入 D:\workspace\bbossgroup\torque4\torque-generator\classes\org\apache\torque\engine\platform\PlatformPostgresqlImpl.class]
    [javac] [正在检查 org.apache.torque.engine.platform.PlatformSapdbImpl]
    [javac] [已写入 D:\workspace\bbossgroup\torque4\torque-generator\classes\org\apache\torque\engine\platform\PlatformSapdbImpl.class]
    [javac] [正在检查 org.apache.torque.engine.platform.PlatformSybaseImpl]
    [javac] [已写入 D:\workspace\bbossgroup\torque4\torque-generator\classes\org\apache\torque\engine\platform\PlatformSybaseImpl.class]
    [javac] [正在检查 org.apache.torque.engine.sql.SQLScanner]
    [javac] [正在装入 C:\Program Files\Java\jdk1.5.0_17\jre\lib\rt.jar(java/lang/Readable.class)]
    [javac] [正在装入 C:\Program Files\Java\jdk1.5.0_17\jre\lib\rt.jar(java/io/Closeable.class)]
    [javac] [已写入 D:\workspace\bbossgroup\torque4\torque-generator\classes\org\apache\torque\engine\sql\SQLScanner.class]
    [javac] [正在检查 org.apache.torque.task.TorqueDataModelTask]
    [javac] [正在装入 D:\workspace\bbossgroup\torque4\torque-generator\lib\mvnpro\ant-1.7.0.jar(org/apache/tools/ant/types/AbstractFileSet.class)]
    [javac] [正在装入 D:\workspace\bbossgroup\torque4\torque-generator\lib\mvnpro\ant-1.7.0.jar(org/apache/tools/ant/types/DataType.class)]
    [javac] [正在装入 D:\workspace\bbossgroup\torque4\torque-generator\lib\mvnpro\velocity-1.5.jar(org/apache/velocity/context/AbstractContext.class)]
    [javac] [正在装入 D:\workspace\bbossgroup\torque4\torque-generator\lib\mvnpro\velocity-1.5.jar(org/apache/velocity/context/InternalContextBase.class)]
    [javac] [正在装入 D:\workspace\bbossgroup\torque4\torque-generator\lib\mvnpro\velocity-1.5.jar(org/apache/velocity/context/InternalHousekeepingContext.class)]
    [javac] [正在装入 D:\workspace\bbossgroup\torque4\torque-generator\lib\mvnpro\velocity-1.5.jar(org/apache/velocity/context/InternalEventContext.class)]
    [javac] [正在装入 C:\Program Files\Java\jdk1.5.0_17\jre\lib\rt.jar(java/util/Set.class)]
    [javac] [正在装入 C:\Program Files\Java\jdk1.5.0_17\jre\lib\rt.jar(java/util/Map$Entry.class)]
    [javac] [正在装入 D:\workspace\bbossgroup\torque4\torque-generator\lib\mvnpro\commons-collections-3.2.jar(org/apache/commons/collections/ExtendedProperties.class)]
    [javac] D:\workspace\bbossgroup\torque4\torque-generator\src\main\java\org\apache\torque\task\TorqueDataModelTask.java:449: 警告：[deprecation] org.apache.tools.ant.ProjectComponent 中的 project 已过时
    [javac]                 log("Using templatePath: " + templatePath, project.MSG_VERBOSE);
    [javac]                                                            ^
    [javac] [正在装入 D:\workspace\bbossgroup\torque4\torque-generator\lib\mvnpro\velocity-1.5.jar(org/apache/velocity/runtime/RuntimeConstants.class)]
    [javac] D:\workspace\bbossgroup\torque4\torque-generator\src\main\java\org\apache\torque\task\TorqueDataModelTask.java:499: 警告：[deprecation] org.apache.tools.ant.ProjectComponent 中的 project 已过时
    [javac]             log("Generating to file " + path, project.MSG_INFO);
    [javac]                                               ^
    [javac] D:\workspace\bbossgroup\torque4\torque-generator\src\main\java\org\apache\torque\task\TorqueDataModelTask.java:565: 警告：[deprecation] org.apache.tools.ant.ProjectComponent 中的 project 已过时
    [javac]                                         .fileContentsToString(project
    [javac]                                                               ^
    [javac] [正在装入 C:\Program Files\Java\jdk1.5.0_17\jre\lib\rt.jar(java/lang/Appendable.class)]
    [javac] [正在装入 C:\Program Files\Java\jdk1.5.0_17\jre\lib\rt.jar(java/io/Flushable.class)]
    [javac] [正在装入 D:\workspace\bbossgroup\torque4\torque-generator\lib\mvnpro\velocity-1.5.jar(org/apache/velocity/exception/VelocityException.class)]
    [javac] [正在装入 D:\workspace\bbossgroup\torque4\torque-generator\lib\mvnpro\ant-1.7.0.jar(org/apache/tools/ant/Location.class)]
    [javac] [正在装入 C:\Program Files\Java\jdk1.5.0_17\jre\lib\rt.jar(java/nio/charset/CharsetDecoder.class)]
    [javac] [正在装入 C:\Program Files\Java\jdk1.5.0_17\jre\lib\rt.jar(java/nio/charset/Charset.class)]
    [javac] [已写入 D:\workspace\bbossgroup\torque4\torque-generator\classes\org\apache\torque\task\TorqueDataModelTask$TorqueClasspathResourceLoader.class]
    [javac] [已写入 D:\workspace\bbossgroup\torque4\torque-generator\classes\org\apache\torque\task\TorqueDataModelTask$TorqueFileResourceLoader.class]
    [javac] [已写入 D:\workspace\bbossgroup\torque4\torque-generator\classes\org\apache\torque\task\TorqueDataModelTask.class]
    [javac] [正在检查 org.apache.torque.task.DataDumpTask]
    [javac] D:\workspace\bbossgroup\torque4\torque-generator\src\main\java\org\apache\torque\task\DataDumpTask.java:336: 警告：[deprecation] org.apache.tools.ant.ProjectComponent 中的 project 已过时
    [javac]         log("Generating to file " + path, project.MSG_INFO);
    [javac]                                           ^
    [javac] [正在装入 C:\Program Files\Java\jdk1.5.0_17\jre\lib\rt.jar(java/io/OutputStreamWriter.class)]
    [javac] [已写入 D:\workspace\bbossgroup\torque4\torque-generator\classes\org\apache\torque\task\DataDumpTask$InnerClasspathResourceLoader.class]
    [javac] [已写入 D:\workspace\bbossgroup\torque4\torque-generator\classes\org\apache\torque\task\DataDumpTask$InnerFileResourceLoader.class]
    [javac] [已写入 D:\workspace\bbossgroup\torque4\torque-generator\classes\org\apache\torque\task\DataDumpTask.class]
    [javac] [正在检查 org.apache.torque.task.PackageAsPathTask]
    [javac] [已写入 D:\workspace\bbossgroup\torque4\torque-generator\classes\org\apache\torque\task\PackageAsPathTask.class]
    [javac] [正在检查 org.apache.torque.task.TableTool]
    [javac] [已写入 D:\workspace\bbossgroup\torque4\torque-generator\classes\org\apache\torque\task\TableTool.class]
    [javac] [正在检查 org.apache.torque.task.TorqueDataDumpTask]
    [javac] [正在装入 D:\workspace\bbossgroup\torque4\torque-generator\lib\mvnpro\velocity-1.5.jar(org/apache/velocity/anakia/Escape.class)]
    [javac] [已写入 D:\workspace\bbossgroup\torque4\torque-generator\classes\org\apache\torque\task\TorqueDataDumpTask$TableTool.class]
    [javac] [已写入 D:\workspace\bbossgroup\torque4\torque-generator\classes\org\apache\torque\task\TorqueDataDumpTask.class]
    [javac] [正在检查 org.apache.torque.task.TorqueDataSQLTask]
    [javac] [已写入 D:\workspace\bbossgroup\torque4\torque-generator\classes\org\apache\torque\task\TorqueDataSQLTask.class]
    [javac] [正在检查 org.apache.torque.task.TorqueDocumentationTask]
    [javac] [已写入 D:\workspace\bbossgroup\torque4\torque-generator\classes\org\apache\torque\task\TorqueDocumentationTask.class]
    [javac] [正在检查 org.apache.torque.task.TorqueJDBCTransformTask]
    [javac] [正在装入 D:\workspace\bbossgroup\torque4\torque-generator\lib\poolman\frameworkset-pool.jar(com/frameworkset/common/poolman/util/SQLUtil.class)]
    [javac] [正在装入 D:\workspace\bbossgroup\torque4\torque-generator\lib\poolman\frameworkset-pool.jar(com/frameworkset/common/poolman/util/JDBCPoolMetaData.class)]
    [javac] [正在装入 D:\workspace\bbossgroup\torque4\torque-generator\lib\mvnpro\xercesImpl-2.6.2.jar(org/apache/xerces/dom/ParentNode.class)]
    [javac] [正在装入 D:\workspace\bbossgroup\torque4\torque-generator\lib\mvnpro\xercesImpl-2.6.2.jar(org/apache/xerces/dom/ChildNode.class)]
    [javac] [正在装入 D:\workspace\bbossgroup\torque4\torque-generator\lib\mvnpro\xercesImpl-2.6.2.jar(org/apache/xerces/dom/NodeImpl.class)]
    [javac] [正在装入 C:\Program Files\Java\jdk1.5.0_17\jre\lib\rt.jar(org/w3c/dom/DocumentType.class)]
    [javac] [正在装入 C:\Program Files\Java\jdk1.5.0_17\jre\lib\rt.jar(org/w3c/dom/Node.class)]
    [javac] [正在装入 C:\Program Files\Java\jdk1.5.0_17\jre\lib\rt.jar(org/w3c/dom/NodeList.class)]
    [javac] [正在装入 C:\Program Files\Java\jdk1.5.0_17\jre\lib\rt.jar(org/w3c/dom/events/EventTarget.class)]
    [javac] [正在装入 D:\workspace\bbossgroup\torque4\torque-generator\lib\mvnpro\xercesImpl-2.6.2.jar(org/apache/xerces/dom/CoreDocumentImpl.class)]
    [javac] [正在装入 C:\Program Files\Java\jdk1.5.0_17\jre\lib\rt.jar(org/w3c/dom/Comment.class)]
    [javac] [正在装入 C:\Program Files\Java\jdk1.5.0_17\jre\lib\rt.jar(org/w3c/dom/CharacterData.class)]
    [javac] [正在装入 C:\Program Files\Java\jdk1.5.0_17\jre\lib\rt.jar(org/w3c/dom/Document.class)]
    [javac] [正在装入 D:\workspace\bbossgroup\torque4\torque-generator\lib\mvnpro\xercesImpl-2.6.2.jar(org/apache/xml/serialize/BaseMarkupSerializer.class)]
    [javac] [正在装入 C:\Program Files\Java\jdk1.5.0_17\jre\lib\rt.jar(org/w3c/dom/DocumentFragment.class)]
    [javac] [正在装入 C:\Program Files\Java\jdk1.5.0_17\jre\lib\rt.jar(org/w3c/dom/traversal/DocumentTraversal.class)]
    [javac] [正在装入 C:\Program Files\Java\jdk1.5.0_17\jre\lib\rt.jar(org/w3c/dom/events/DocumentEvent.class)]
    [javac] [正在装入 C:\Program Files\Java\jdk1.5.0_17\jre\lib\rt.jar(org/w3c/dom/ranges/DocumentRange.class)]
    [javac] [正在装入 C:\Program Files\Java\jdk1.5.0_17\jre\lib\rt.jar(org/w3c/dom/DOMException.class)]
    [javac] [已写入 D:\workspace\bbossgroup\torque4\torque-generator\classes\org\apache\torque\task\TorqueJDBCTransformTask.class]
    [javac] [正在检查 org.apache.torque.task.TorqueSQLExec]
    [javac] [正在装入 C:\Program Files\Java\jdk1.5.0_17\jre\lib\rt.jar(java/lang/ClassLoader.class)]
    [javac] [已写入 D:\workspace\bbossgroup\torque4\torque-generator\classes\org\apache\torque\task\TorqueSQLExec$DelimiterType.class]
    [javac] [已写入 D:\workspace\bbossgroup\torque4\torque-generator\classes\org\apache\torque\task\TorqueSQLExec$OnError.class]
    [javac] [已写入 D:\workspace\bbossgroup\torque4\torque-generator\classes\org\apache\torque\task\TorqueSQLExec$Transaction.class]
    [javac] [已写入 D:\workspace\bbossgroup\torque4\torque-generator\classes\org\apache\torque\task\TorqueSQLExec.class]
    [javac] [正在检查 org.apache.torque.task.TorqueSQLTask]
    [javac] [已写入 D:\workspace\bbossgroup\torque4\torque-generator\classes\org\apache\torque\task\TorqueSQLTask.class]
    [javac] [正在检查 org.apache.torque.task.TorqueSQLTransformTask]
    [javac] [已写入 D:\workspace\bbossgroup\torque4\torque-generator\classes\org\apache\torque\task\TorqueSQLTransformTask.class]
    [javac] [正在检查 org.frameworkset.persistent.db.DBInit]
    [javac] [正在装入 D:\workspace\bbossgroup\torque4\torque-generator\lib\poolman\frameworkset-pool.jar(com/frameworkset/orm/adapter/DB.class)]
    [javac] [正在装入 D:\workspace\bbossgroup\torque4\torque-generator\lib\poolman\frameworkset-pool.jar(com/frameworkset/orm/adapter/IDMethod.class)]
    [javac] [正在装入 D:\workspace\bbossgroup\torque4\torque-generator\lib\poolman\frameworkset-pool.jar(com/frameworkset/orm/platform/Platform.class)]
    [javac] [正在装入 D:\workspace\bbossgroup\torque4\torque-generator\lib\bboss-aop.jar(org/frameworkset/spi/assemble/BaseTXManager.class)]
    [javac] [正在装入 D:\workspace\bbossgroup\torque4\torque-generator\lib\bboss-aop.jar(org/frameworkset/spi/assemble/ProList.class)]
    [javac] [正在装入 D:\workspace\bbossgroup\torque4\torque-generator\lib\poolman\frameworkset-util.jar(com/frameworkset/util/VariableHandler.class)]
    [javac] [正在装入 D:\workspace\bbossgroup\torque4\torque-generator\lib\poolman\frameworkset-pool.jar(com/frameworkset/common/poolman/SQLParams.class)]
    [javac] [正在装入 D:\workspace\bbossgroup\torque4\torque-generator\lib\poolman\frameworkset-pool.jar(com/frameworkset/common/poolman/Params.class)]
    [javac] [正在装入 C:\Program Files\Java\jdk1.5.0_17\jre\lib\rt.jar(java/sql/Clob.class)]
    [javac] [正在装入 C:\Program Files\Java\jdk1.5.0_17\jre\lib\rt.jar(java/io/FileFilter.class)]
    [javac] [正在装入 C:\Program Files\Java\jdk1.5.0_17\jre\lib\rt.jar(java/io/FilenameFilter.class)]
    [javac] [已写入 D:\workspace\bbossgroup\torque4\torque-generator\classes\org\frameworkset\persistent\db\DBInit$1.class]
    [javac] [已写入 D:\workspace\bbossgroup\torque4\torque-generator\classes\org\frameworkset\persistent\db\DBInit.class]
    [javac] [总时间 1344ms]
    [javac] 注意：某些输入文件使用了未经检查或不安全的操作。
    [javac] 注意：要了解详细信息，请使用 -Xlint:unchecked 重新编译。
    [javac] 4 警告

jar-torque:
     [echo] Generate the cim-model library cim-model.jar ...
      [jar] Building jar: D:\workspace\bbossgroup\torque4\torque-generator\distrib\lib\torque.jar
   [delete] Deleting directory D:\workspace\bbossgroup\torque4\torque-generator\classes

compile-launcher:
     [echo] compile  torque source  ...
    [mkdir] Created dir: D:\workspace\bbossgroup\torque4\torque-generator\classes
    [javac] Compiling 1 source file to D:\workspace\bbossgroup\torque4\torque-generator\classes
    [javac] [解析开始时间 D:\workspace\bbossgroup\torque4\torque-generator\src-launcher\org\frameworkset\persistent\db\Launcher.java]
    [javac] [解析已完成时间 47ms]
    [javac] [源文件的搜索路径： [D:\workspace\bbossgroup\torque4\torque-generator\src-launcher]]
    [javac] [类文件的搜索路径： [C:\Program Files\Java\jdk1.5.0_17\jre\lib\rt.jar, C:\Program Files\Java\jdk1.5.0_17\jre\lib\jsse.jar, C:\Program Files\Java\jdk1.5.0_17\jre\lib\jce.jar, C:\Program Files\Java\jdk1.5.0_17\jre\lib\charsets.jar, C:\Program Files\Java\jdk1.5.0_17\jre\lib\ext\dnsns.jar, C:\Program Files\Java\jdk1.5.0_17\jre\lib\ext\localedata.jar, C:\Program Files\Java\jdk1.5.0_17\jre\lib\ext\sunjce_provider.jar, C:\Program Files\Java\jdk1.5.0_17\jre\lib\ext\sunpkcs11.jar, D:\workspace\bbossgroup\torque4\torque-generator\classes, D:\workspace\bbossgroup\torque4\torque-generator\lib\asm-3.1.jar, D:\workspace\bbossgroup\torque4\torque-generator\lib\bboss-aop.jar, D:\workspace\bbossgroup\torque4\torque-generator\lib\bboss-camel.jar, D:\workspace\bbossgroup\torque4\torque-generator\lib\bboss-jms.jar, D:\workspace\bbossgroup\torque4\torque-generator\lib\bboss-mina.jar, D:\workspace\bbossgroup\torque4\torque-generator\lib\bboss-rmi.jar, D:\workspace\bbossgroup\torque4\torque-generator\lib\bboss-schedule.jar, D:\workspace\bbossgroup\torque4\torque-generator\lib\bboss-tlq.jar, D:\workspace\bbossgroup\torque4\torque-generator\lib\bboss-ws.jar, D:\workspace\bbossgroup\torque4\torque-generator\lib\cglib-2.2.jar, D:\workspace\bbossgroup\torque4\torque-generator\lib\derby\derby.jar, D:\workspace\bbossgroup\torque4\torque-generator\lib\derby\derbyclient.jar, D:\workspace\bbossgroup\torque4\torque-generator\lib\derby\derbynet.jar, D:\workspace\bbossgroup\torque4\torque-generator\lib\derby\derbyrun.jar, D:\workspace\bbossgroup\torque4\torque-generator\lib\derby\derbytools.jar, D:\workspace\bbossgroup\torque4\torque-generator\lib\mvnpro\ant-1.7.0.jar, D:\workspace\bbossgroup\torque4\torque-generator\lib\mvnpro\ant-launcher-1.7.0.jar, D:\workspace\bbossgroup\torque4\torque-generator\lib\mvnpro\avalon-framework-4.1.3.jar, D:\workspace\bbossgroup\torque4\torque-generator\lib\mvnpro\commons-collections-3.2.jar, D:\workspace\bbossgroup\torque4\torque-generator\lib\mvnpro\commons-lang-2.3.jar, D:\workspace\bbossgroup\torque4\torque-generator\lib\mvnpro\commons-logging-1.1.jar, D:\workspace\bbossgroup\torque4\torque-generator\lib\mvnpro\junit-4.6.jar, D:\workspace\bbossgroup\torque4\torque-generator\lib\mvnpro\log4j-1.2.14.jar, D:\workspace\bbossgroup\torque4\torque-generator\lib\mvnpro\logkit-1.0.1.jar, D:\workspace\bbossgroup\torque4\torque-generator\lib\mvnpro\servlet-api-2.3.jar, D:\workspace\bbossgroup\torque4\torque-generator\lib\mvnpro\texen-1.0.jar, D:\workspace\bbossgroup\torque4\torque-generator\lib\mvnpro\velocity-1.5.jar, D:\workspace\bbossgroup\torque4\torque-generator\lib\mvnpro\village-3.3.jar, D:\workspace\bbossgroup\torque4\torque-generator\lib\mvnpro\xercesImpl-2.6.2.jar, D:\workspace\bbossgroup\torque4\torque-generator\lib\mvnpro\xml-apis-1.0.b2.jar, D:\workspace\bbossgroup\torque4\torque-generator\lib\mysql\mysql-connector-java-3.1.14-bin.jar, D:\workspace\bbossgroup\torque4\torque-generator\lib\ojdbc14.jar, D:\workspace\bbossgroup\torque4\torque-generator\lib\poolman\commons-lang-2.1.jar, D:\workspace\bbossgroup\torque4\torque-generator\lib\poolman\commons-modeler.jar, D:\workspace\bbossgroup\torque4\torque-generator\lib\poolman\concurrent-1.3.2.jar, D:\workspace\bbossgroup\torque4\torque-generator\lib\poolman\frameworkset-pool.jar, D:\workspace\bbossgroup\torque4\torque-generator\lib\poolman\frameworkset-util.jar, D:\workspace\bbossgroup\torque4\torque-generator\lib\poolman\geronimo-jta_1.0.1B_spec-1.0.1.jar, D:\workspace\bbossgroup\torque4\torque-generator\lib\poolman\jakarta-oro-2.0.8.jar, D:\workspace\bbossgroup\torque4\torque-generator\lib\poolman\log4j.jar, D:\workspace\bbossgroup\torque4\torque-generator\lib\poolman\xjavadoc-1.1.jar, E:\environment\ant\lib\ant-launcher.jar, E:\environment\ant\lib\ant-antlr.jar, E:\environment\ant\lib\ant-apache-bcel.jar, E:\environment\ant\lib\ant-apache-bsf.jar, E:\environment\ant\lib\ant-apache-log4j.jar, E:\environment\ant\lib\ant-apache-oro.jar, E:\environment\ant\lib\ant-apache-regexp.jar, E:\environment\ant\lib\ant-apache-resolver.jar, E:\environment\ant\lib\ant-commons-logging.jar, E:\environment\ant\lib\ant-commons-net.jar, E:\environment\ant\lib\ant-contrib-1.0b3.jar, E:\environment\ant\lib\ant-jai.jar, E:\environment\ant\lib\ant-javamail.jar, E:\environment\ant\lib\ant-jdepend.jar, E:\environment\ant\lib\ant-jmf.jar, E:\environment\ant\lib\ant-jsch.jar, E:\environment\ant\lib\ant-junit.jar, E:\environment\ant\lib\ant-netrexx.jar, E:\environment\ant\lib\ant-nodeps.jar, E:\environment\ant\lib\ant-starteam.jar, E:\environment\ant\lib\ant-stylebook.jar, E:\environment\ant\lib\ant-swing.jar, E:\environment\ant\lib\ant-testutil.jar, E:\environment\ant\lib\ant-trax.jar, E:\environment\ant\lib\ant-weblogic.jar, E:\environment\ant\lib\ant.jar, E:\environment\ant\lib\ganymed.jar, E:\environment\ant\lib\svnant.jar, E:\environment\ant\lib\svnClientAdapter.jar, E:\environment\ant\lib\svnjavahl.jar, E:\environment\ant\lib\svnkit.jar, E:\environment\ant\lib\xercesImpl.jar, E:\environment\ant\lib\xml-apis.jar, C:\Program Files\Java\jdk1.5.0_17\lib\tools.jar]]
    [javac] [正在装入 C:\Program Files\Java\jdk1.5.0_17\jre\lib\rt.jar(java/io/BufferedReader.class)]
    [javac] [正在装入 C:\Program Files\Java\jdk1.5.0_17\jre\lib\rt.jar(java/io/File.class)]
    [javac] [正在装入 C:\Program Files\Java\jdk1.5.0_17\jre\lib\rt.jar(java/io/FileFilter.class)]
    [javac] [正在装入 C:\Program Files\Java\jdk1.5.0_17\jre\lib\rt.jar(java/io/FileNotFoundException.class)]
    [javac] [正在装入 C:\Program Files\Java\jdk1.5.0_17\jre\lib\rt.jar(java/io/InputStreamReader.class)]
    [javac] [正在装入 C:\Program Files\Java\jdk1.5.0_17\jre\lib\rt.jar(java/io/UnsupportedEncodingException.class)]
    [javac] [正在装入 C:\Program Files\Java\jdk1.5.0_17\jre\lib\rt.jar(java/lang/reflect/InvocationTargetException.class)]
    [javac] [正在装入 C:\Program Files\Java\jdk1.5.0_17\jre\lib\rt.jar(java/lang/reflect/Method.class)]
    [javac] [正在装入 C:\Program Files\Java\jdk1.5.0_17\jre\lib\rt.jar(java/net/InetAddress.class)]
    [javac] [正在装入 C:\Program Files\Java\jdk1.5.0_17\jre\lib\rt.jar(java/net/MalformedURLException.class)]
    [javac] [正在装入 C:\Program Files\Java\jdk1.5.0_17\jre\lib\rt.jar(java/net/NetworkInterface.class)]
    [javac] [正在装入 C:\Program Files\Java\jdk1.5.0_17\jre\lib\rt.jar(java/net/SocketException.class)]
    [javac] [正在装入 C:\Program Files\Java\jdk1.5.0_17\jre\lib\rt.jar(java/net/URL.class)]
    [javac] [正在装入 C:\Program Files\Java\jdk1.5.0_17\jre\lib\rt.jar(java/net/URLClassLoader.class)]
    [javac] [正在装入 C:\Program Files\Java\jdk1.5.0_17\jre\lib\rt.jar(java/net/URLDecoder.class)]
    [javac] [正在装入 C:\Program Files\Java\jdk1.5.0_17\jre\lib\rt.jar(java/util/ArrayList.class)]
    [javac] [正在装入 C:\Program Files\Java\jdk1.5.0_17\jre\lib\rt.jar(java/util/Enumeration.class)]
    [javac] [正在装入 C:\Program Files\Java\jdk1.5.0_17\jre\lib\rt.jar(java/util/List.class)]
    [javac] [正在装入 C:\Program Files\Java\jdk1.5.0_17\jre\lib\rt.jar(java/lang/Object.class)]
    [javac] [正在装入 C:\Program Files\Java\jdk1.5.0_17\jre\lib\rt.jar(java/lang/String.class)]
    [javac] [正在装入 C:\Program Files\Java\jdk1.5.0_17\jre\lib\rt.jar(java/lang/SecurityException.class)]
    [javac] [正在装入 C:\Program Files\Java\jdk1.5.0_17\jre\lib\rt.jar(java/lang/IllegalArgumentException.class)]
    [javac] [正在装入 C:\Program Files\Java\jdk1.5.0_17\jre\lib\rt.jar(java/lang/ClassNotFoundException.class)]
    [javac] [正在装入 C:\Program Files\Java\jdk1.5.0_17\jre\lib\rt.jar(java/lang/NoSuchMethodException.class)]
    [javac] [正在装入 C:\Program Files\Java\jdk1.5.0_17\jre\lib\rt.jar(java/lang/IllegalAccessException.class)]
    [javac] [正在装入 C:\Program Files\Java\jdk1.5.0_17\jre\lib\rt.jar(java/lang/InstantiationException.class)]
    [javac] [正在装入 C:\Program Files\Java\jdk1.5.0_17\jre\lib\rt.jar(java/lang/Exception.class)]
    [javac] [正在装入 C:\Program Files\Java\jdk1.5.0_17\jre\lib\rt.jar(java/lang/Process.class)]
    [javac] [正在装入 C:\Program Files\Java\jdk1.5.0_17\jre\lib\rt.jar(java/lang/StringBuffer.class)]
    [javac] [正在检查 org.frameworkset.persistent.db.Launcher]
    [javac] [正在装入 C:\Program Files\Java\jdk1.5.0_17\jre\lib\rt.jar(java/io/IOException.class)]
    [javac] [正在装入 C:\Program Files\Java\jdk1.5.0_17\jre\lib\rt.jar(java/lang/Throwable.class)]
    [javac] [正在装入 C:\Program Files\Java\jdk1.5.0_17\jre\lib\rt.jar(java/lang/RuntimeException.class)]
    [javac] [正在装入 C:\Program Files\Java\jdk1.5.0_17\jre\lib\rt.jar(java/lang/Class.class)]
    [javac] [正在装入 C:\Program Files\Java\jdk1.5.0_17\jre\lib\rt.jar(java/security/ProtectionDomain.class)]
    [javac] [正在装入 C:\Program Files\Java\jdk1.5.0_17\jre\lib\rt.jar(java/security/CodeSource.class)]
    [javac] [正在装入 C:\Program Files\Java\jdk1.5.0_17\jre\lib\rt.jar(java/net/URI.class)]
    [javac] [正在装入 C:\Program Files\Java\jdk1.5.0_17\jre\lib\rt.jar(java/util/Collection.class)]
    [javac] [正在装入 C:\Program Files\Java\jdk1.5.0_17\jre\lib\rt.jar(java/util/AbstractList.class)]
    [javac] [正在装入 C:\Program Files\Java\jdk1.5.0_17\jre\lib\rt.jar(java/util/AbstractCollection.class)]
    [javac] [正在装入 C:\Program Files\Java\jdk1.5.0_17\jre\lib\rt.jar(java/lang/Iterable.class)]
    [javac] [正在装入 C:\Program Files\Java\jdk1.5.0_17\jre\lib\rt.jar(java/lang/System.class)]
    [javac] [正在装入 C:\Program Files\Java\jdk1.5.0_17\jre\lib\rt.jar(java/io/PrintStream.class)]
    [javac] [正在装入 C:\Program Files\Java\jdk1.5.0_17\jre\lib\rt.jar(java/io/FilterOutputStream.class)]
    [javac] [正在装入 C:\Program Files\Java\jdk1.5.0_17\jre\lib\rt.jar(java/io/OutputStream.class)]
    [javac] [正在装入 C:\Program Files\Java\jdk1.5.0_17\jre\lib\rt.jar(java/lang/ClassLoader.class)]
    [javac] [正在装入 C:\Program Files\Java\jdk1.5.0_17\jre\lib\rt.jar(java/security/SecureClassLoader.class)]
    [javac] [正在装入 C:\Program Files\Java\jdk1.5.0_17\jre\lib\rt.jar(java/lang/Thread.class)]
    [javac] [正在装入 C:\Program Files\Java\jdk1.5.0_17\jre\lib\rt.jar(java/lang/reflect/AccessibleObject.class)]
    [javac] [正在装入 C:\Program Files\Java\jdk1.5.0_17\jre\lib\rt.jar(java/io/FilenameFilter.class)]
    [javac] [正在装入 C:\Program Files\Java\jdk1.5.0_17\jre\lib\rt.jar(java/lang/CharSequence.class)]
    [javac] [正在装入 C:\Program Files\Java\jdk1.5.0_17\jre\lib\rt.jar(java/io/Serializable.class)]
    [javac] [正在装入 C:\Program Files\Java\jdk1.5.0_17\jre\lib\rt.jar(java/lang/Comparable.class)]
    [javac] [正在装入 C:\Program Files\Java\jdk1.5.0_17\jre\lib\rt.jar(java/lang/Runtime.class)]
    [javac] [正在装入 C:\Program Files\Java\jdk1.5.0_17\jre\lib\rt.jar(java/io/Reader.class)]
    [javac] [正在装入 C:\Program Files\Java\jdk1.5.0_17\jre\lib\rt.jar(java/io/InputStream.class)]
    [javac] [正在装入 C:\Program Files\Java\jdk1.5.0_17\jre\lib\rt.jar(java/lang/IllegalThreadStateException.class)]
    [javac] [正在装入 C:\Program Files\Java\jdk1.5.0_17\jre\lib\rt.jar(java/lang/AbstractStringBuilder.class)]
    [javac] [正在装入 C:\Program Files\Java\jdk1.5.0_17\jre\lib\rt.jar(java/lang/Error.class)]
    [javac] [已写入 D:\workspace\bbossgroup\torque4\torque-generator\classes\org\frameworkset\persistent\db\Launcher$1.class]
    [javac] [正在装入 C:\Program Files\Java\jdk1.5.0_17\jre\lib\rt.jar(java/lang/StringBuilder.class)]
    [javac] [已写入 D:\workspace\bbossgroup\torque4\torque-generator\classes\org\frameworkset\persistent\db\Launcher.class]
    [javac] [总时间 516ms]

jar-launcher:
     [echo] Generate the cim-model library launcher.jar ...
      [jar] Building jar: D:\workspace\bbossgroup\torque4\torque-generator\distrib\launcher.jar
   [delete] Deleting directory D:\workspace\bbossgroup\torque4\torque-generator\classes

copy-system-resource:
     [echo] copy system resource files ...
     [copy] Copying 12 files to D:\workspace\bbossgroup\torque4\torque-generator\distrib\resources
     [copy] Copying 244 files to D:\workspace\bbossgroup\torque4\torque-generator\distrib\templates
     [copy] Copying 4 files to D:\workspace\bbossgroup\torque4\torque-generator\distrib\schema
