Wed Apr 25 13:45:40 CST 2012  [debug] AvalonLogChute initialized using file 'velocity.log'
Wed Apr 25 13:45:40 CST 2012  [trace] *******************************************************************
Wed Apr 25 13:45:40 CST 2012  [debug] Starting Apache Velocity v1.5 (compiled: 2007-02-22 08:52:29)
Wed Apr 25 13:45:40 CST 2012  [trace] RuntimeInstance initializing.
Wed Apr 25 13:45:40 CST 2012  [debug] Default Properties File: org\apache\velocity\runtime\defaults\velocity.properties
Wed Apr 25 13:45:40 CST 2012  [debug] Trying to use logger class org.apache.velocity.runtime.log.AvalonLogChute
Wed Apr 25 13:45:40 CST 2012  [debug] Using logger class org.apache.velocity.runtime.log.AvalonLogChute
Wed Apr 25 13:45:40 CST 2012  [debug] Default ResourceManager initializing. (class org.apache.velocity.runtime.resource.ResourceManagerImpl)
Wed Apr 25 13:45:40 CST 2012  [trace] FileResourceLoader : initialization starting.
Wed Apr 25 13:45:40 CST 2012  [debug] Do unicode file recognition:  false
Wed Apr 25 13:45:40 CST 2012   [info] FileResourceLoader : adding path 'D:\workspace\torque4\torque-generator\templates'
Wed Apr 25 13:45:40 CST 2012  [trace] FileResourceLoader : initialization complete.
Wed Apr 25 13:45:40 CST 2012  [debug] ResourceCache: initialized (class org.apache.velocity.runtime.resource.ResourceCacheImpl)
Wed Apr 25 13:45:40 CST 2012  [trace] Default ResourceManager initialization complete.
Wed Apr 25 13:45:40 CST 2012  [debug] Loaded System Directive: org.apache.velocity.runtime.directive.Literal
Wed Apr 25 13:45:40 CST 2012  [debug] Loaded System Directive: org.apache.velocity.runtime.directive.Macro
Wed Apr 25 13:45:40 CST 2012  [debug] Loaded System Directive: org.apache.velocity.runtime.directive.Parse
Wed Apr 25 13:45:40 CST 2012  [debug] Loaded System Directive: org.apache.velocity.runtime.directive.Include
Wed Apr 25 13:45:40 CST 2012  [debug] Loaded System Directive: org.apache.velocity.runtime.directive.Foreach
Wed Apr 25 13:45:40 CST 2012  [debug] Created '20' parsers.
Wed Apr 25 13:45:40 CST 2012  [trace] Velocimacro : initialization starting.
Wed Apr 25 13:45:40 CST 2012  [debug] Velocimacro : "velocimacro.library" is not set.  Trying default library: VM_global_library.vm
Wed Apr 25 13:45:40 CST 2012  [debug] Velocimacro : Default library not found.
Wed Apr 25 13:45:40 CST 2012  [debug] Velocimacro : allowInline = true : VMs can be defined inline in templates
Wed Apr 25 13:45:40 CST 2012  [debug] Velocimacro : allowInlineToOverride = false : VMs defined inline may NOT replace previous VM definitions
Wed Apr 25 13:45:40 CST 2012  [debug] Velocimacro : allowInlineLocal = false : VMs defined inline will be global in scope if allowed.
Wed Apr 25 13:45:40 CST 2012  [debug] Velocimacro : autoload off : VM system will not automatically reload global library macros
Wed Apr 25 13:45:40 CST 2012  [trace] Velocimacro : Velocimacro : initialization complete.
Wed Apr 25 13:45:40 CST 2012  [trace] RuntimeInstance successfully initialized.
Wed Apr 25 13:45:40 CST 2012  [debug] ResourceManager : found sql/base/Control.vm with loader org.apache.velocity.runtime.resource.ResourceCacheImpl
Wed Apr 25 13:45:40 CST 2012  [debug] ResourceManager : found sql/base/mysql/droptablefk.vm with loader org.apache.velocity.runtime.resource.ResourceCacheImpl
Wed Apr 25 13:45:40 CST 2012  [debug] ResourceManager : found sql/base/mysql/dropforeignkey.vm with loader org.apache.velocity.runtime.resource.ResourceCacheImpl
Wed Apr 25 13:45:40 CST 2012  [debug] ResourceManager : found sql/base/mysql/table.vm with loader org.apache.velocity.runtime.resource.ResourceCacheImpl
Wed Apr 25 13:45:40 CST 2012  [debug] ResourceManager : found sql/base/mysql/drop.vm with loader org.apache.velocity.runtime.resource.ResourceCacheImpl
Wed Apr 25 13:45:40 CST 2012  [debug] ResourceManager : found sql/base/mysql/columns.vm with loader org.apache.velocity.runtime.resource.ResourceCacheImpl
Wed Apr 25 13:45:40 CST 2012  [debug] ResourceManager : found sql/base/mysql/primarykey.vm with loader org.apache.velocity.runtime.resource.ResourceCacheImpl
Wed Apr 25 13:45:40 CST 2012  [debug] ResourceManager : found sql/base/mysql/unique.vm with loader org.apache.velocity.runtime.resource.ResourceCacheImpl
Wed Apr 25 13:45:40 CST 2012  [debug] ResourceManager : found sql/base/mysql/index.vm with loader org.apache.velocity.runtime.resource.ResourceCacheImpl
Wed Apr 25 13:45:40 CST 2012  [debug] ResourceManager : found sql/base/mysql/tablefk.vm with loader org.apache.velocity.runtime.resource.ResourceCacheImpl
Wed Apr 25 13:45:40 CST 2012  [debug] ResourceManager : found sql/base/mysql/foreignkey.vm with loader org.apache.velocity.runtime.resource.ResourceCacheImpl
